Capturing execution frames: image_seg_text.json
  Frame 1 saved (frame_000.jpg, t=0.0s)
  Validating workflow...
  Queuing workflow for execution...
  Frame 2 saved (frame_001.jpg, t=2.2s)
  [capture-periodic] freeze=2ms shot=102ms unfreeze=2ms saved=True
  Frame 3 saved (frame_002.jpg, t=4.4s)
  [capture-periodic] freeze=6ms shot=88ms unfreeze=2ms saved=True
  [capture-loop] iter=50 t=6.0s state={'complete': False, 'error': None, 'executedCount': 0, 'wsState': 1} eval_ms=26
  Frame 4 saved (frame_003.jpg, t=6.5s)
  [capture-periodic] freeze=6ms shot=247ms unfreeze=3ms saved=True
  [capture-loop] iter=100 t=12.4s state={'complete': False, 'error': None, 'executedCount': 0, 'wsState': 1} eval_ms=2
  [capture-loop] iter=150 t=18.5s state={'complete': False, 'error': None, 'executedCount': 0, 'wsState': 1} eval_ms=2
  [capture-loop] iter=200 t=24.7s state={'complete': False, 'error': None, 'executedCount': 0, 'wsState': 1} eval_ms=23
  [capture-loop] iter=250 t=30.9s state={'complete': False, 'error': None, 'executedCount': 0, 'wsState': 1} eval_ms=13
  [capture-loop] iter=300 t=37.1s state={'complete': False, 'error': None, 'executedCount': 0, 'wsState': 1} eval_ms=3
  [capture-loop] iter=350 t=43.0s state={'complete': False, 'error': None, 'executedCount': 0, 'wsState': 1} eval_ms=7
  Node executed (2 total), capturing...
  Frame 5 saved (frame_004.jpg, t=50.3s)
  [capture-node] freeze=2ms shot=121ms unfreeze=0ms saved=True
  Execution complete (t=50.3s)
  Captured 5 unique frames over 50.46s
  [debug] iframes: 0
  [timing] trigger_3d_previews: 0.0s
  Saved high-quality screenshot: image_seg_text_executed.png
  [timing] final_screenshot: 0.7s
    Captured 6 video frames