Capturing execution frames: scene_seg.json
  Frame 1 saved (frame_000.jpg, t=0.0s)
  Validating workflow...
  Queuing workflow for execution...
  Node executed (1 total), capturing...
  Frame 2 saved (frame_001.jpg, t=1.7s)
  [capture-node] freeze=2ms shot=435ms unfreeze=331ms saved=True
  Frame 3 saved (frame_002.jpg, t=4.6s)
  [capture-periodic] freeze=25ms shot=149ms unfreeze=5ms saved=True
  Frame 4 saved (frame_003.jpg, t=6.8s)
  [capture-periodic] freeze=15ms shot=150ms unfreeze=2ms saved=True
  [capture-loop] iter=50 t=8.0s state={'complete': False, 'error': None, 'executedCount': 1, 'wsState': 1} eval_ms=18
  [capture-loop] iter=100 t=14.6s state={'complete': False, 'error': None, 'executedCount': 1, 'wsState': 1} eval_ms=10
  [capture-loop] iter=150 t=21.1s state={'complete': False, 'error': None, 'executedCount': 1, 'wsState': 1} eval_ms=3
  [capture-loop] iter=200 t=27.7s state={'complete': False, 'error': None, 'executedCount': 1, 'wsState': 1} eval_ms=2
  [capture-loop] iter=250 t=34.2s state={'complete': False, 'error': None, 'executedCount': 1, 'wsState': 1} eval_ms=5
  [capture-loop] iter=300 t=40.6s state={'complete': False, 'error': None, 'executedCount': 1, 'wsState': 1} eval_ms=7
  Frame 5 saved (frame_004.jpg, t=40.7s)
  [capture-periodic] freeze=5ms shot=188ms unfreeze=4ms saved=True
  Frame 6 saved (frame_005.jpg, t=43.0s)
  [capture-periodic] freeze=4ms shot=1288ms unfreeze=27ms saved=True
  Frame 7 saved (frame_006.jpg, t=46.5s)
  [capture-periodic] freeze=2ms shot=1936ms unfreeze=3ms saved=True
  [capture-loop] iter=350 t=58.3s state={'complete': False, 'error': None, 'executedCount': 1, 'wsState': 1} eval_ms=4
  Frame 8 saved (frame_007.jpg, t=60.0s)
  [capture-periodic] freeze=2ms shot=139ms unfreeze=8ms saved=True
  Frame 9 saved (frame_008.jpg, t=62.2s)
  [capture-periodic] freeze=1ms shot=138ms unfreeze=3ms saved=True
  [capture-loop] iter=400 t=64.1s state={'complete': False, 'error': None, 'executedCount': 1, 'wsState': 1} eval_ms=2
  Node executed (2 total), capturing...
  Frame 10 saved (frame_009.jpg, t=66.5s)
  [capture-node] freeze=3ms shot=188ms unfreeze=4ms saved=True
  Node executed (3 total), capturing...
  Frame 11 saved (frame_010.jpg, t=68.5s)
  [capture-node] freeze=47ms shot=1987ms unfreeze=3ms saved=True
  Node executed (4 total), capturing...
  Frame 12 saved (frame_011.jpg, t=71.5s)
  [capture-node] freeze=632ms shot=780ms unfreeze=3ms saved=True
  Execution complete (t=73.1s)
  Captured 12 unique frames over 73.07s
  [debug] iframes: 0
  [timing] trigger_3d_previews: 0.0s
  Saved high-quality screenshot: scene_seg_executed.png
  [timing] final_screenshot: 1.1s
    Captured 13 video frames