Capturing execution frames: scene_seg_interactive.json
  Frame 1 saved (frame_000.jpg, t=0.0s)
  Validating workflow...
  Queuing workflow for execution...
  Frame 2 saved (frame_001.jpg, t=2.2s)
  [capture-periodic] freeze=2ms shot=113ms unfreeze=5ms saved=True
  Frame 3 saved (frame_002.jpg, t=4.4s)
  [capture-periodic] freeze=2ms shot=103ms unfreeze=2ms saved=True
  [capture-loop] iter=50 t=5.8s state={'complete': False, 'error': None, 'executedCount': 0, 'wsState': 1} eval_ms=2
  Frame 4 saved (frame_003.jpg, t=6.7s)
  [capture-periodic] freeze=2ms shot=147ms unfreeze=10ms saved=True
  [capture-loop] iter=100 t=12.1s state={'complete': False, 'error': None, 'executedCount': 0, 'wsState': 1} eval_ms=5
  [capture-loop] iter=150 t=18.5s state={'complete': False, 'error': None, 'executedCount': 0, 'wsState': 1} eval_ms=2
  [capture-loop] iter=200 t=25.0s state={'complete': False, 'error': None, 'executedCount': 0, 'wsState': 1} eval_ms=9
  [capture-loop] iter=250 t=31.8s state={'complete': False, 'error': None, 'executedCount': 0, 'wsState': 1} eval_ms=2
  [capture-loop] iter=300 t=38.3s state={'complete': False, 'error': None, 'executedCount': 0, 'wsState': 1} eval_ms=8
  [capture-loop] iter=350 t=44.5s state={'complete': False, 'error': None, 'executedCount': 0, 'wsState': 1} eval_ms=2
  Frame 5 saved (frame_004.jpg, t=44.7s)
  [capture-periodic] freeze=2ms shot=147ms unfreeze=3ms saved=True
  Node executed (1 total), capturing...
  Frame 6 saved (frame_005.jpg, t=46.7s)
  [capture-node] freeze=620ms shot=364ms unfreeze=6ms saved=True
  Node executed (2 total), capturing...
  Frame 7 saved (frame_006.jpg, t=48.0s)
  [capture-node] freeze=3ms shot=169ms unfreeze=0ms saved=True
  Execution complete (t=48.0s)
  Captured 7 unique frames over 48.22s
  [debug] iframes: 0
  [timing] trigger_3d_previews: 0.1s
  Saved high-quality screenshot: scene_seg_interactive_executed.png
  [timing] final_screenshot: 0.9s
    Captured 8 video frames