Capturing execution frames: scene_seg_interactive.json
  [Console-error] Failed to load resource: the server responded with a status of 404 (Not Found)
  [Console-error] Failed to load resource: the server responded with a status of 404 (Not Found)
  [Console-error] Failed to load resource: the server responded with a status of 404 (Not Found)
  [Console-error] Failed to load resource: the server responded with a status of 404 (Not Found)
  [Console-error] Failed to load resource: the server responded with a status of 404 (Not Found)
  [Console-error] Failed to load resource: the server responded with a status of 404 (Not Found)
  [Console-warning] [ComfyUI Deprecated] Importing from "scripts/ui.js" is deprecated and will be removed in v1.34.
  [Console-warning] [ComfyUI Notice] "scripts/widgets.js" is an internal module, not part of the public API. Future updates may break this import.
  [Console-warning] [ComfyUI Notice] "extensions/core/widgetInputs.js" is an internal module, not part of the public API. Future updates may break this import.
  [Console-warning] [ComfyUI Notice] "scripts/utils.js" is an internal module, not part of the public API. Future updates may break this import.
  [Console-warning] [MaskEditor] ComfyApp.open_maskeditor is deprecated. Plugins should migrate to using the command system or direct node context menu integration.
  [Console-warning] [ComfyUI Deprecated] Importing from "scripts/ui/components/buttonGroup.js" is deprecated and will be removed in v1.34.
  [Console-warning] [ComfyUI Deprecated] Importing from "scripts/ui/components/button.js" is deprecated and will be removed in v1.34.
  Frame 1 saved (frame_000.jpg, t=0.0s)
  Validating workflow...
  Queuing workflow for execution...
  Frame 2 saved (frame_001.jpg, t=2.4s)
  [capture-periodic] freeze=25ms shot=151ms unfreeze=5ms saved=True
  [capture-loop] iter=50 t=6.3s state={'complete': False, 'error': None, 'executedCount': 0, 'wsState': 1} eval_ms=5
  Frame 3 saved (frame_002.jpg, t=9.2s)
  [capture-periodic] freeze=5ms shot=151ms unfreeze=4ms saved=True
  Frame 4 saved (frame_003.jpg, t=11.4s)
  [capture-periodic] freeze=5ms shot=148ms unfreeze=5ms saved=True
  [capture-loop] iter=100 t=12.3s state={'complete': False, 'error': None, 'executedCount': 0, 'wsState': 1} eval_ms=4
  [capture-loop] iter=150 t=18.1s state={'complete': False, 'error': None, 'executedCount': 0, 'wsState': 1} eval_ms=4
  [capture-loop] iter=200 t=24.1s state={'complete': False, 'error': None, 'executedCount': 0, 'wsState': 1} eval_ms=4
  [capture-loop] iter=250 t=30.0s state={'complete': False, 'error': None, 'executedCount': 0, 'wsState': 1} eval_ms=4
  [capture-loop] iter=300 t=35.8s state={'complete': False, 'error': None, 'executedCount': 0, 'wsState': 1} eval_ms=4
  [capture-loop] iter=350 t=42.1s state={'complete': False, 'error': None, 'executedCount': 0, 'wsState': 1} eval_ms=9
  Frame 5 saved (frame_004.jpg, t=45.2s)
  [capture-periodic] freeze=4ms shot=151ms unfreeze=5ms saved=True
  Frame 6 saved (frame_005.jpg, t=47.5s)
  [capture-periodic] freeze=3ms shot=156ms unfreeze=6ms saved=True
  [capture-loop] iter=400 t=48.1s state={'complete': False, 'error': None, 'executedCount': 0, 'wsState': 1} eval_ms=5
  Frame 7 saved (frame_006.jpg, t=49.8s)
  [capture-periodic] freeze=7ms shot=151ms unfreeze=5ms saved=True
  [capture-loop] iter=450 t=54.0s state={'complete': False, 'error': None, 'executedCount': 0, 'wsState': 1} eval_ms=4
  [capture-loop] iter=500 t=60.0s state={'complete': False, 'error': None, 'executedCount': 0, 'wsState': 1} eval_ms=5
  [capture-loop] iter=550 t=65.9s state={'complete': False, 'error': None, 'executedCount': 0, 'wsState': 1} eval_ms=4
  [capture-loop] iter=600 t=71.8s state={'complete': False, 'error': None, 'executedCount': 0, 'wsState': 1} eval_ms=4
  Node executed (1 total), capturing...
  Frame 8 saved (frame_007.jpg, t=76.9s)
  [capture-node] freeze=26ms shot=242ms unfreeze=9ms saved=True
  Node executed (2 total), capturing...
  Frame 9 saved (frame_008.jpg, t=77.4s)
  [capture-node] freeze=220ms shot=430ms unfreeze=0ms saved=True
  Execution complete (t=77.4s)
  Captured 9 unique frames over 78.13s
  [debug] iframes: 0
  [timing] trigger_3d_previews: 0.0s
  Saved high-quality screenshot: scene_seg_interactive_executed.png
  [timing] final_screenshot: 0.8s
    Captured 10 video frames