Capturing execution frames: scene_seg.json
  Frame 1 saved (frame_000.jpg, t=0.0s)
  Validating workflow...
  Queuing workflow for execution...
  Node executed (1 total), capturing...
  Frame 2 saved (frame_001.jpg, t=2.8s)
  [capture-node] freeze=76ms shot=261ms unfreeze=11ms saved=True
  Frame 3 saved (frame_002.jpg, t=5.2s)
  [capture-periodic] freeze=4ms shot=229ms unfreeze=15ms saved=True
  [capture-loop] iter=50 t=6.9s state={'complete': False, 'error': None, 'executedCount': 1, 'wsState': 1} eval_ms=5
  Frame 4 saved (frame_003.jpg, t=7.6s)
  [capture-periodic] freeze=4ms shot=233ms unfreeze=5ms saved=True
  [capture-loop] iter=100 t=13.2s state={'complete': False, 'error': None, 'executedCount': 1, 'wsState': 1} eval_ms=5
  [capture-loop] iter=150 t=19.2s state={'complete': False, 'error': None, 'executedCount': 1, 'wsState': 1} eval_ms=4
  [capture-loop] iter=200 t=25.5s state={'complete': False, 'error': None, 'executedCount': 1, 'wsState': 1} eval_ms=4
  [capture-loop] iter=250 t=31.7s state={'complete': False, 'error': None, 'executedCount': 1, 'wsState': 1} eval_ms=5
  [capture-loop] iter=300 t=37.7s state={'complete': False, 'error': None, 'executedCount': 1, 'wsState': 1} eval_ms=6
  [capture-loop] iter=350 t=43.9s state={'complete': False, 'error': None, 'executedCount': 1, 'wsState': 1} eval_ms=5
  [capture-loop] iter=400 t=50.2s state={'complete': False, 'error': None, 'executedCount': 1, 'wsState': 1} eval_ms=4
  [capture-loop] iter=450 t=56.2s state={'complete': False, 'error': None, 'executedCount': 1, 'wsState': 1} eval_ms=5
  Frame 5 saved (frame_004.jpg, t=61.4s)
  [capture-periodic] freeze=14ms shot=277ms unfreeze=36ms saved=True
  [capture-loop] iter=500 t=62.7s state={'complete': False, 'error': None, 'executedCount': 1, 'wsState': 1} eval_ms=5
  Frame 6 saved (frame_005.jpg, t=63.8s)
  [capture-periodic] freeze=25ms shot=286ms unfreeze=55ms saved=True
  Frame 7 saved (frame_006.jpg, t=66.3s)
  [capture-periodic] freeze=6ms shot=268ms unfreeze=9ms saved=True
  [capture-loop] iter=550 t=69.3s state={'complete': False, 'error': None, 'executedCount': 1, 'wsState': 1} eval_ms=5
  [capture-loop] iter=600 t=75.3s state={'complete': False, 'error': None, 'executedCount': 1, 'wsState': 1} eval_ms=4
  Frame 8 saved (frame_007.jpg, t=75.7s)
  [capture-periodic] freeze=3ms shot=219ms unfreeze=25ms saved=True
  Node executed (2 total), capturing...
  Frame 9 saved (frame_008.jpg, t=76.5s)
  [capture-node] freeze=5ms shot=766ms unfreeze=29ms saved=True
  Frame 10 saved (frame_009.jpg, t=79.4s)
  [capture-periodic] freeze=3ms shot=222ms unfreeze=8ms saved=True
  Node executed (3 total), capturing...
  Frame 11 saved (frame_010.jpg, t=82.5s)
  [capture-node] freeze=328ms shot=379ms unfreeze=22ms saved=True
  Node executed (4 total), capturing...
  Frame 12 saved (frame_011.jpg, t=83.7s)
  [capture-node] freeze=5ms shot=260ms unfreeze=8ms saved=True
  [capture-loop] iter=650 t=84.3s state={'complete': True, 'error': None, 'executedCount': 4, 'wsState': 1} eval_ms=41
  Execution complete (t=84.3s)
  Captured 12 unique frames over 84.29s
  [debug] iframes: 0
  [timing] trigger_3d_previews: 0.0s
  Saved high-quality screenshot: scene_seg_executed.png
  [timing] final_screenshot: 2.2s
    Captured 13 video frames