Capturing execution frames: image_seg_text.json
  [ComfyUI] Exception in callback _ProactorBasePipeTransport._call_connection_lost(None)
  [ComfyUI] handle: <Handle _ProactorBasePipeTransport._call_connection_lost(None)>
  [ComfyUI] Traceback (most recent call last):
  [ComfyUI]   File "C:\Windows\system32\config\systemprofile\AppData\Roaming\uv\python\cpython-3.10-windows-x86_64-none\lib\asyncio\events.py", line 80, in _run
  [ComfyUI]     self._context.run(self._callback, *self._args)
  [ComfyUI]   File "C:\Windows\system32\config\systemprofile\AppData\Roaming\uv\python\cpython-3.10-windows-x86_64-none\lib\asyncio\proactor_events.py", line 165, in _call_connection_lost
  [ComfyUI]     self._sock.shutdown(socket.SHUT_RDWR)
  [ComfyUI] ConnectionResetError: [WinError 10054] An existing connection was forcibly closed by the remote host
  Frame 1 saved (frame_000.jpg, t=0.0s)
  Validating workflow...
  [ComfyUI] === /validate endpoint called ===
  [ComfyUI] Received JSON with keys: ['prompt']
  [ComfyUI] Prompt has 5 nodes
  [ComfyUI]   Node 1: LoadImage
  [ComfyUI]     Inputs: {"image": "example_image.jpg"}
  Queuing workflow for execution...
  [ComfyUI]   Node 3: PreviewImage
  [ComfyUI]     Inputs: {"images": ["15", 1]}
  [ComfyUI]   Node 4: MaskPreview
  [ComfyUI]     Inputs: {"mask": ["15", 0]}
  [ComfyUI]   Node 12: LoadSAM3Model
  [ComfyUI]     Inputs: {"precision": "auto", "compile": false}
  [ComfyUI]   Node 15: SAM3Grounding
  [ComfyUI]     Inputs: {"confidence_threshold": 0.2, "text_prompt": "child", "max_detections": -1, "sam3_model_config": ["12", 0], "image": ["1", 0]}
  [ComfyUI] Generated prompt_id: 525a30ba-afd4-44ce-8fa7-e792049b57b5
  [ComfyUI] Calling execution.validate_prompt()...
  [ComfyUI] Validation result: valid=True
  [ComfyUI] === Validation PASSED ===
  [ComfyUI] got prompt
  [ComfyUI] [comfy-env] Running LoadSAM3Model: precision: 'auto', compile: False
  [ComfyUI] [VRAM] Before LoadSAM3Model: 1271 / 24575 MB
  [ComfyUI] [SubprocessWorker] call_method: nodes.load_model.LoadSAM3Model.EXECUTE_NORMALIZED
  [ComfyUI] [SubprocessWorker] acquired lock, ensuring started...
  [ComfyUI] [ComfyUI-SAM3] Health check: ping (timeout=5.0s)...
  [ComfyUI] [ComfyUI-SAM3] Health check: ok
  [ComfyUI] [SubprocessWorker] worker started/confirmed
  [ComfyUI] [SubprocessWorker] serializing kwargs to shm...
  [ComfyUI] [SubprocessWorker] created 0 shm blocks
  [ComfyUI] [SubprocessWorker] sending request via socket...
  [ComfyUI] [SubprocessWorker] call_id=4 sending call_method
  [ComfyUI] [SubprocessWorker] got response: ok
  [ComfyUI] [comfy-env] LoadSAM3Model done (0.03s): result: NodeOutput
  [ComfyUI] [VRAM] After LoadSAM3Model: 1271 / 24575 MB
  [ComfyUI] [comfy-env] Running SAM3Grounding: confidence_threshold: 0.2, text_prompt: 'child', max_detections: -1, sam3_model_config: dict, image: torch.float32 [1,720,1280,3] cpu
  [ComfyUI] [VRAM] Before SAM3Grounding: 1271 / 24575 MB
  [ComfyUI] [SubprocessWorker] call_method: nodes.segmentation.SAM3Grounding.EXECUTE_NORMALIZED
  [ComfyUI] [SubprocessWorker] acquired lock, ensuring started...
  [ComfyUI] [ComfyUI-SAM3] Health check: ping (timeout=5.0s)...
  [ComfyUI] [ComfyUI-SAM3] Health check: ok
  [ComfyUI] [SubprocessWorker] worker started/confirmed
  [ComfyUI] [comfy-env] PRE-SERIALIZE 'image' shape: torch.Size([1, 720, 1280, 3])
  [ComfyUI] [SubprocessWorker] serializing kwargs to shm...
  [ComfyUI] [SubprocessWorker] created 0 shm blocks
  [ComfyUI] [SubprocessWorker] sending request via socket...
  [ComfyUI] [SubprocessWorker] call_id=5 sending call_method
  [ComfyUI] [worker:ComfyUI-SAM3] [comfy-env] _from_shm got dict with keys: ['__type__', 'strategy', 'manager_path', 'storage_key', 'storage_size']
  [ComfyUI] [worker:ComfyUI-SAM3] [comfy-env] DESERIALIZE TensorRef: tensor_size=[1, 720, 1280, 3]
  [ComfyUI] [worker:ComfyUI-SAM3] [comfy-env] DESERIALIZED tensor shape: torch.Size([1, 720, 1280, 3])
  [ComfyUI] [SubprocessWorker] callback 'request_vram_budget' from call_id=5
  [ComfyUI] [comfy-env] VRAM request: 1.84GB, free before eviction: 24.44GB
  [ComfyUI] [comfy-env] VRAM after eviction: 24.44GB
  [ComfyUI] [worker:ComfyUI-SAM3] WARNING: Flash Attention failed, using default SDPA: Mask must not be set for Flash attention
  [ComfyUI] [worker:ComfyUI-SAM3] WARNING: Flash Attention failed, using default SDPA: Mask must not be set for Flash attention
  [ComfyUI] [worker:ComfyUI-SAM3] WARNING: Flash Attention failed, using default SDPA: Mask must not be set for Flash attention
  [ComfyUI] [worker:ComfyUI-SAM3] WARNING: Flash Attention failed, using default SDPA: Mask must not be set for Flash attention
  [ComfyUI] [worker:ComfyUI-SAM3] WARNING: Flash Attention failed, using default SDPA: Mask must not be set for Flash attention
  [ComfyUI] [worker:ComfyUI-SAM3] WARNING: Flash Attention failed, using default SDPA: Mask must not be set for Flash attention
  [ComfyUI] [worker:ComfyUI-SAM3] WARNING: Flash Attention failed, using default SDPA: Mask must not be set for Flash attention
  [ComfyUI] [worker:ComfyUI-SAM3] WARNING: Flash Attention failed, using default SDPA: Mask must not be set for Flash attention
  [ComfyUI] [worker:ComfyUI-SAM3] WARNING: Flash Attention failed, using default SDPA: Mask must not be set for Flash attention
  [ComfyUI] [worker:ComfyUI-SAM3] WARNING: Flash Attention failed, using default SDPA: Mask must not be set for Flash attention
  [ComfyUI] [worker:ComfyUI-SAM3] WARNING: Flash Attention failed, using default SDPA: Mask must not be set for Flash attention
  [ComfyUI] [worker:ComfyUI-SAM3] WARNING: Flash Attention failed, using default SDPA: Mask must not be set for Flash attention
  [ComfyUI] [worker:ComfyUI-SAM3] WARNING: Flash Attention failed, using default SDPA: Mask must not be set for Flash attention
  [ComfyUI] [worker:ComfyUI-SAM3] WARNING: Flash Attention failed, using default SDPA: Mask must not be set for Flash attention
  [ComfyUI] [worker:ComfyUI-SAM3] WARNING: Flash Attention failed, using default SDPA: Mask must not be set for Flash attention
  [ComfyUI] [worker:ComfyUI-SAM3] WARNING: Flash Attention failed, using default SDPA: Mask must not be set for Flash attention
  [ComfyUI] [worker:ComfyUI-SAM3] WARNING: Flash Attention failed, using default SDPA: Mask must not be set for Flash attention
  [ComfyUI] [worker:ComfyUI-SAM3] WARNING: Flash Attention failed, using default SDPA: Mask must not be set for Flash attention
  [ComfyUI] [worker:ComfyUI-SAM3] WARNING: Flash Attention failed, using default SDPA: Mask must not be set for Flash attention
  [ComfyUI] [worker:ComfyUI-SAM3] WARNING: Flash Attention failed, using default SDPA: Mask must not be set for Flash attention
  [ComfyUI] [worker:ComfyUI-SAM3] WARNING: Flash Attention failed, using default SDPA: Mask must not be set for Flash attention
  [ComfyUI] [worker:ComfyUI-SAM3] WARNING: Flash Attention failed, using default SDPA: Mask must not be set for Flash attention
  [ComfyUI] [worker:ComfyUI-SAM3] WARNING: Flash Attention failed, using default SDPA: Mask must not be set for Flash attention
  [ComfyUI] [worker:ComfyUI-SAM3] WARNING: Flash Attention failed, using default SDPA: Mask must not be set for Flash attention
  [ComfyUI] [worker:ComfyUI-SAM3] WARNING: Flash Attention failed, using default SDPA: Mask must not be set for Flash attention
  [ComfyUI] [worker:ComfyUI-SAM3] WARNING: Flash Attention failed, using default SDPA: Mask must not be set for Flash attention
  [ComfyUI] [worker:ComfyUI-SAM3] WARNING: Flash Attention failed, using default SDPA: Mask must not be set for Flash attention
  [ComfyUI] [worker:ComfyUI-SAM3] WARNING: Flash Attention failed, using default SDPA: Mask must not be set for Flash attention
  [ComfyUI] [worker:ComfyUI-SAM3] WARNING: Flash Attention failed, using default SDPA: Mask must not be set for Flash attention
  [ComfyUI] [worker:ComfyUI-SAM3] WARNING: Flash Attention failed, using default SDPA: Mask must not be set for Flash attention
  [ComfyUI] [worker:ComfyUI-SAM3] WARNING: Flash Attention failed, using default SDPA: Mask must not be set for Flash attention
  [ComfyUI] [worker:ComfyUI-SAM3] WARNING: Flash Attention failed, using default SDPA: Mask must not be set for Flash attention
  [ComfyUI] [worker:ComfyUI-SAM3] WARNING: Flash Attention failed, using default SDPA: Mask must not be set for Flash attention
  [ComfyUI] [worker:ComfyUI-SAM3] WARNING: Flash Attention failed, using default SDPA: Mask must not be set for Flash attention
  [ComfyUI] [worker:ComfyUI-SAM3] WARNING: Flash Attention failed, using default SDPA: Mask must not be set for Flash attention
  [ComfyUI] [worker:ComfyUI-SAM3] WARNING: Flash Attention failed, using default SDPA: Mask must not be set for Flash attention
  [ComfyUI] [worker:ComfyUI-SAM3] WARNING: Flash Attention failed, using default SDPA: Mask must not be set for Flash attention
  [ComfyUI] [worker:ComfyUI-SAM3] WARNING: Flash Attention failed, using default SDPA: Mask must not be set for Flash attention
  [ComfyUI] [worker:ComfyUI-SAM3] WARNING: Flash Attention failed, using default SDPA: Mask must not be set for Flash attention
  [ComfyUI] [worker:ComfyUI-SAM3] WARNING: Flash Attention failed, using default SDPA: Mask must not be set for Flash attention
  [ComfyUI] [worker:ComfyUI-SAM3] WARNING: Flash Attention failed, using default SDPA: Mask must not be set for Flash attention
  [ComfyUI] [worker:ComfyUI-SAM3] WARNING: Flash Attention failed, using default SDPA: Mask must not be set for Flash attention
  [ComfyUI] [worker:ComfyUI-SAM3] WARNING: Flash Attention failed, using default SDPA: Mask must not be set for Flash attention
  [ComfyUI] [worker:ComfyUI-SAM3] WARNING: Flash Attention failed, using default SDPA: Mask must not be set for Flash attention
  [ComfyUI] [worker:ComfyUI-SAM3] WARNING: Flash Attention failed, using default SDPA: Mask must not be set for Flash attention
  [ComfyUI] [worker:ComfyUI-SAM3] WARNING: Flash Attention failed, using default SDPA: Mask must not be set for Flash attention
  [ComfyUI] [worker:ComfyUI-SAM3] [VRAM] +268MB (now 2170MB) reserved=2368MB peak=2170MB
  [ComfyUI] [SubprocessWorker] got response: ok
  [ComfyUI] [comfy-env] SAM3Grounding done (1.42s): result: NodeOutput
  [ComfyUI] [VRAM] After SAM3Grounding: 1271 / 24575 MB
  [ComfyUI] Prompt executed in 1.90 seconds
  Node executed (2 total), capturing...
  Frame 2 saved (frame_001.jpg, t=2.4s)
  [capture-node] freeze=4ms shot=207ms unfreeze=0ms saved=True
  Execution complete (t=2.4s)
  Captured 2 unique frames over 2.64s
  [debug] iframes: 0
  [timing] trigger_3d_previews: 0.0s
  Saved high-quality screenshot: image_seg_text_executed.png
  [timing] final_screenshot: 1.2s
    Captured 3 video frames