Capturing execution frames: scene_seg_interactive.json
  Frame 1 saved (frame_000.jpg, t=0.0s)
  Validating workflow...
  [ComfyUI] === /validate endpoint called ===
  [ComfyUI] Received JSON with keys: ['prompt']
  [ComfyUI] Prompt has 4 nodes
  [ComfyUI]   Node 1: LoadImage
  [ComfyUI]     Inputs: {"image": "image.png"}
  Queuing workflow for execution...
  [ComfyUI]   Node 4: MaskPreview
  [ComfyUI]     Inputs: {"mask": ["26", 0]}
  [ComfyUI]   Node 12: LoadSAM3Model
  [ComfyUI]     Inputs: {"precision": "auto", "compile": false}
  [ComfyUI]   Node 26: SAM3InteractiveCollector
  [ComfyUI]     Inputs: {"multi_prompts_store": "[{\"positive_points\":[{\"x\":3348.288109906738,\"y\":2452.2208696844737}],\"negative_points\":[],\"positive_boxes\":[],\"negative_boxes\":[],\"name\":\"Prompt 1\"},{\"positiv
  [ComfyUI] Generated prompt_id: 79c40f52-f1f7-445d-a22f-3b38b6b63109
  [ComfyUI] Calling execution.validate_prompt()...
  [ComfyUI] Validation result: valid=True
  [ComfyUI] === Validation PASSED ===
  [ComfyUI] got prompt
  [ComfyUI] [comfy-env] Running LoadSAM3Model: precision: 'auto', compile: False
  [ComfyUI] [VRAM] Before LoadSAM3Model: 1271 / 24575 MB
  [ComfyUI] [SubprocessWorker] call_method: nodes.load_model.LoadSAM3Model.EXECUTE_NORMALIZED
  [ComfyUI] [SubprocessWorker] acquired lock, ensuring started...
  [ComfyUI] [ComfyUI-SAM3] Health check: ping (timeout=5.0s)...
  [ComfyUI] [ComfyUI-SAM3] Health check: ok
  [ComfyUI] [SubprocessWorker] worker started/confirmed
  [ComfyUI] [SubprocessWorker] serializing kwargs to shm...
  [ComfyUI] [SubprocessWorker] created 0 shm blocks
  [ComfyUI] [SubprocessWorker] sending request via socket...
  [ComfyUI] [SubprocessWorker] call_id=9 sending call_method
  [ComfyUI] [SubprocessWorker] got response: ok
  [ComfyUI] [comfy-env] LoadSAM3Model done (0.03s): result: NodeOutput
  [ComfyUI] [VRAM] After LoadSAM3Model: 1271 / 24575 MB
  [ComfyUI] [comfy-env] Running SAM3InteractiveCollector: multi_prompts_store: '[{"positive_points":[{"x":3348.288109906738,"y":2452.220..., sam3_model_config: dict, image: torch.float32 [1,4480,6720,3] cpu, unique_id: '26'
  [ComfyUI] [VRAM] Before SAM3InteractiveCollector: 1271 / 24575 MB
  [ComfyUI] [SubprocessWorker] call_method: nodes.sam3_interactive.SAM3InteractiveCollector.EXECUTE_NORMALIZED
  [ComfyUI] [SubprocessWorker] acquired lock, ensuring started...
  [ComfyUI] [ComfyUI-SAM3] Health check: ping (timeout=5.0s)...
  [ComfyUI] [ComfyUI-SAM3] Health check: ok
  [ComfyUI] [SubprocessWorker] worker started/confirmed
  [ComfyUI] [comfy-env] PRE-SERIALIZE 'image' shape: torch.Size([1, 4480, 6720, 3])
  [ComfyUI] [SubprocessWorker] serializing kwargs to shm...
  [ComfyUI] [SubprocessWorker] created 0 shm blocks
  [ComfyUI] [SubprocessWorker] sending request via socket...
  [ComfyUI] [SubprocessWorker] call_id=10 sending call_method
  [ComfyUI] [worker:ComfyUI-SAM3] [comfy-env] _from_shm got dict with keys: ['__type__', 'strategy', 'manager_path', 'storage_key', 'storage_size']
  [ComfyUI] [worker:ComfyUI-SAM3] [comfy-env] DESERIALIZE TensorRef: tensor_size=[1, 4480, 6720, 3]
  [ComfyUI] [worker:ComfyUI-SAM3] [comfy-env] DESERIALIZED tensor shape: torch.Size([1, 4480, 6720, 3])
  Frame 2 saved (frame_001.jpg, t=2.4s)
  [capture-periodic] freeze=5ms shot=204ms unfreeze=7ms saved=True
  [ComfyUI] [SubprocessWorker] callback 'request_vram_budget' from call_id=10
  [ComfyUI] [comfy-env] VRAM request: 1.84GB, free before eviction: 24.44GB
  [ComfyUI] [comfy-env] VRAM after eviction: 24.44GB
  [ComfyUI] [worker:ComfyUI-SAM3] [VRAM] -3443MB (now 8MB) reserved=64MB peak=3832MB
  [ComfyUI] [worker:ComfyUI-SAM3] [VRAM] +1205MB (now 1213MB) reserved=1280MB peak=3832MB
  Frame 3 saved (frame_002.jpg, t=4.7s)
  [capture-periodic] freeze=4ms shot=181ms unfreeze=5ms saved=True
  [ComfyUI] [worker:ComfyUI-SAM3] [VRAM] +551MB (now 1764MB) reserved=1824MB peak=3832MB
  [capture-loop] iter=50 t=6.7s state={'complete': False, 'error': None, 'executedCount': 0, 'wsState': 1} eval_ms=6
  [ComfyUI] [worker:ComfyUI-SAM3]
  [ComfyUI] === WATCHDOG TICK 1 ===
  [ComfyUI] [worker:ComfyUI-SAM3] Thread 0x00001124 (most recent call first):
  [ComfyUI]   File "C:\Windows\TEMP\comfyui_pvenv_i6d7663z\persistent_worker.py", line 106 in _vram_poller
  [ComfyUI]   File "D:\ce\_env_489aef\.pixi\envs\default\lib\threading.py", line 953 in run
  [ComfyUI]   File "D:\ce\_env_489aef\.pixi\envs\default\lib\threading.py", line 1016 in _bootstrap_inner
  [ComfyUI]   File "D:\ce\_env_489aef\.pixi\envs\default\lib\threading.py", line 973 in _bootstrap
  [ComfyUI] 
  [ComfyUI] Current thread 0x0000369c (most recent call first):
  [ComfyUI]   File "C:\Windows\TEMP\comfyui_pvenv_i6d7663z\persistent_worker.py", line 52 in _watchdog
  [ComfyUI]   File "D:\ce\_env_489aef\.pixi\envs\default\lib\threading.py", line 953 in run
  [ComfyUI]   File "D:\ce\_env_489aef\.pixi\envs\default\lib\threading.py", line 1016 in _bootstrap_inner
  [ComfyUI]   File "D:\ce\_env_489aef\.pixi\envs\default\lib\threading.py", line 973 in _bootstrap
  [ComfyUI] 
  [ComfyUI] Thread 0x00001c7c (most recent call first):
  [ComfyUI]   File "D:\workspaces\SAM3-2010\ComfyUI\comfy\ops.py", line 531 in forward_comfy_cast_weights
  [ComfyUI]   File "D:\workspaces\SAM3-2010\ComfyUI\comfy\ops.py", line 540 in forward
  [ComfyUI]   File "D:\ce\_env_489aef\.pixi\envs\default\lib\site-packages\torch\nn\modules\module.py", line 1784 in _call_impl
  [ComfyUI]   File "D:\ce\_env_489aef\.pixi\envs\default\lib\site-packages\torch\nn\modules\module.py", line 1773 in _wrapped_call_impl
  [ComfyUI]   File "D:\ce\_env_489aef\.pixi\envs\default\lib\site-packages\torch\nn\modules\container.py", line 244 in forward
  [ComfyUI]   File "D:\ce\_env_489aef\.pixi\envs\default\lib\site-packages\torch\nn\modules\module.py", line 1784 in _call_impl
  [ComfyUI]   File "D:\ce\_env_489aef\.pixi\envs\default\lib\site-packages\torch\nn\modules\module.py", line 1773 in _wrapped_call_impl
  [ComfyUI]   File "D:\workspaces\SAM3-2010\ComfyUI\custom_nodes\ComfyUI-SAM3\nodes\sam3\model.py", line 2045 in forward
  [ComfyUI]   File "D:\workspaces\SAM3-2010\ComfyUI\custom_nodes\ComfyUI-SAM3\nodes\sam3\model.py", line 3308 in _forward_image_no_act_ckpt
  [ComfyUI]   File "D:\workspaces\SAM3-2010\ComfyUI\custom_nodes\ComfyUI-SAM3\nodes\sam3\model.py", line 3301 in forward_image
  [ComfyUI]   File "D:\workspaces\SAM3-2010\ComfyUI\custom_nodes\ComfyUI-SAM3\nodes\sam3\utils.py", line 1324 in set_image
  [ComfyUI]   File "D:\ce\_env_489aef\.pixi\envs\default\lib\site-packages\torch\utils\_contextlib.py", line 120 in decorate_context
  [ComfyUI]   File "D:\workspaces\SAM3-2010\ComfyUI\custom_nodes\ComfyUI-SAM3\nodes\sam3_interactive.py", line 687 in execute
  [ComfyUI]   File "D:\workspaces\SAM3-2010\ComfyUI\comfy_api\latest\_io.py", line 1789 in EXECUTE_NORMALIZED
  [ComfyUI]   File "C:\Windows\TEMP\comfyui_pvenv_i6d7663z\persistent_worker.py", line 1614 in main
  [ComfyUI]   File "C:\Windows\TEMP\comfyui_pvenv_i6d7663z\persistent_worker.py", line 1646 in <module>
  [ComfyUI] 
  [ComfyUI] [worker:ComfyUI-SAM3] === END ===
  [ComfyUI] 
  [ComfyUI] [worker:ComfyUI-SAM3] [VRAM] +322MB (now 2087MB) reserved=2240MB peak=3832MB
  [ComfyUI] [SubprocessWorker] callback 'report_progress' from call_id=10
  Frame 4 saved (frame_003.jpg, t=9.3s)
  [capture-periodic] freeze=5ms shot=196ms unfreeze=5ms saved=True
  [ComfyUI] [SubprocessWorker] got response: ok
  [ComfyUI] [comfy-env] SAM3InteractiveCollector done (10.17s): result: NodeOutput
  [ComfyUI] [VRAM] After SAM3InteractiveCollector: 1271 / 24575 MB
  Node executed (1 total), capturing...
  [ComfyUI] Prompt executed in 13.00 seconds
  Frame 5 saved (frame_004.jpg, t=13.3s)
  [capture-node] freeze=11ms shot=245ms unfreeze=6ms saved=True
  Node executed (2 total), capturing...
  Frame 6 saved (frame_005.jpg, t=13.8s)
  [capture-node] freeze=5ms shot=361ms unfreeze=0ms saved=True
  Execution complete (t=13.8s)
  Captured 6 unique frames over 14.26s
  [debug] iframes: 0
  [timing] trigger_3d_previews: 0.0s
  Saved high-quality screenshot: scene_seg_interactive_executed.png
  [timing] final_screenshot: 1.5s
    Captured 7 video frames