Capturing execution frames: scene_seg.json
  [Console-error] Failed to load resource: the server responded with a status of 404 (Not Found)
  [Console-error] Failed to load resource: the server responded with a status of 404 (Not Found)
  [Console-error] Failed to load resource: the server responded with a status of 404 (Not Found)
  [Console-error] Failed to load resource: the server responded with a status of 404 (Not Found)
  [Console-error] Failed to load resource: the server responded with a status of 404 (Not Found)
  [Console-error] Failed to load resource: the server responded with a status of 404 (Not Found)
  [Console-warning] [ComfyUI Deprecated] Importing from "scripts/ui.js" is deprecated and will be removed in v1.34.
  [Console-warning] [ComfyUI Notice] "scripts/widgets.js" is an internal module, not part of the public API. Future updates may break this import.
  [Console-warning] [ComfyUI Notice] "extensions/core/widgetInputs.js" is an internal module, not part of the public API. Future updates may break this import.
  [Console-warning] [ComfyUI Notice] "scripts/utils.js" is an internal module, not part of the public API. Future updates may break this import.
  [Console-warning] [MaskEditor] ComfyApp.open_maskeditor is deprecated. Plugins should migrate to using the command system or direct node context menu integration.
  [Console-warning] [ComfyUI Deprecated] Importing from "scripts/ui/components/buttonGroup.js" is deprecated and will be removed in v1.34.
  [Console-warning] [ComfyUI Deprecated] Importing from "scripts/ui/components/button.js" is deprecated and will be removed in v1.34.
  Frame 1 saved (frame_000.jpg, t=0.0s)
  Validating workflow...
  Queuing workflow for execution...
  Frame 2 saved (frame_001.jpg, t=2.9s)
  [capture-periodic] freeze=21ms shot=373ms unfreeze=23ms saved=True
  Node executed (1 total), capturing...
  Frame 3 saved (frame_002.jpg, t=6.2s)
  [capture-node] freeze=17ms shot=578ms unfreeze=23ms saved=True
  [capture-loop] iter=50 t=10.6s state={'complete': False, 'error': None, 'executedCount': 1, 'wsState': 1} eval_ms=21
  [capture-loop] iter=100 t=19.1s state={'complete': False, 'error': None, 'executedCount': 1, 'wsState': 1} eval_ms=20
  Frame 4 saved (frame_003.jpg, t=19.1s)
  [capture-periodic] freeze=20ms shot=506ms unfreeze=20ms saved=True
  [capture-loop] iter=150 t=28.2s state={'complete': False, 'error': None, 'executedCount': 1, 'wsState': 1} eval_ms=19
  [capture-loop] iter=200 t=36.5s state={'complete': False, 'error': None, 'executedCount': 1, 'wsState': 1} eval_ms=21
  [capture-loop] iter=250 t=45.4s state={'complete': False, 'error': None, 'executedCount': 1, 'wsState': 1} eval_ms=20
  [capture-loop] iter=300 t=53.8s state={'complete': False, 'error': None, 'executedCount': 1, 'wsState': 1} eval_ms=25
  [capture-loop] iter=350 t=62.7s state={'complete': False, 'error': None, 'executedCount': 1, 'wsState': 1} eval_ms=20
  Frame 5 saved (frame_004.jpg, t=64.5s)
  [capture-periodic] freeze=17ms shot=394ms unfreeze=20ms saved=True
  [capture-loop] iter=400 t=71.2s state={'complete': False, 'error': None, 'executedCount': 1, 'wsState': 1} eval_ms=19
  Node executed (2 total), capturing...
  Frame 6 saved (frame_005.jpg, t=76.5s)
  [capture-node] freeze=151ms shot=336ms unfreeze=17ms saved=True
  Node executed (3 total), capturing...
  Frame 7 saved (frame_006.jpg, t=80.0s)
  [capture-node] freeze=189ms shot=467ms unfreeze=48ms saved=True
  [capture-loop] iter=450 t=81.6s state={'complete': False, 'error': None, 'executedCount': 3, 'wsState': 1} eval_ms=19
  Node executed (4 total), capturing...
  Frame 8 saved (frame_007.jpg, t=83.0s)
  [capture-node] freeze=703ms shot=1804ms unfreeze=17ms saved=True
  Execution complete (t=85.7s)
  Captured 8 unique frames over 85.77s
  [debug] iframes: 0
  [timing] trigger_3d_previews: 0.0s
  Saved high-quality screenshot: scene_seg_executed.png
  [timing] final_screenshot: 3.8s
    Captured 9 video frames