Capturing execution frames: video_point_prompt.json
  [Console-error] Failed to load resource: the server responded with a status of 404 (Not Found)
  [Console-error] Failed to load resource: the server responded with a status of 404 (Not Found)
  [Console-error] Failed to load resource: the server responded with a status of 404 (Not Found)
  [Console-error] Failed to load resource: the server responded with a status of 404 (Not Found)
  [Console-error] Failed to load resource: the server responded with a status of 404 (Not Found)
  [Console-error] Failed to load resource: the server responded with a status of 404 (Not Found)
  [Console-warning] [ComfyUI Deprecated] Importing from "scripts/ui.js" is deprecated and will be removed in v1.34.
  [Console-warning] [ComfyUI Notice] "scripts/widgets.js" is an internal module, not part of the public API. Future updates may break this import.
  [Console-warning] [ComfyUI Notice] "extensions/core/widgetInputs.js" is an internal module, not part of the public API. Future updates may break this import.
  [Console-warning] [ComfyUI Notice] "scripts/utils.js" is an internal module, not part of the public API. Future updates may break this import.
  [Console-warning] [MaskEditor] ComfyApp.open_maskeditor is deprecated. Plugins should migrate to using the command system or direct node context menu integration.
  [Console-warning] [ComfyUI Deprecated] Importing from "scripts/ui/components/buttonGroup.js" is deprecated and will be removed in v1.34.
  [Console-warning] [ComfyUI Deprecated] Importing from "scripts/ui/components/button.js" is deprecated and will be removed in v1.34.
  Frame 1 saved (frame_000.jpg, t=0.0s)
  Validating workflow...
  Queuing workflow for execution...
  Frame 2 saved (frame_001.jpg, t=3.3s)
  [capture-periodic] freeze=19ms shot=441ms unfreeze=20ms saved=True
  Frame 3 saved (frame_002.jpg, t=6.0s)
  [capture-periodic] freeze=21ms shot=376ms unfreeze=19ms saved=True
  Node executed (1 total), capturing...
  Frame 4 saved (frame_003.jpg, t=8.1s)
  [capture-node] freeze=22ms shot=381ms unfreeze=27ms saved=True
  [capture-loop] iter=50 t=10.3s state={'complete': False, 'error': None, 'executedCount': 1, 'wsState': 1} eval_ms=18
  Frame 5 saved (frame_004.jpg, t=10.8s)
  [capture-periodic] freeze=16ms shot=395ms unfreeze=19ms saved=True
  Frame 6 saved (frame_005.jpg, t=13.4s)
  [capture-periodic] freeze=18ms shot=400ms unfreeze=21ms saved=True
  Frame 7 saved (frame_006.jpg, t=16.0s)
  [capture-periodic] freeze=17ms shot=386ms unfreeze=18ms saved=True
  Frame 8 saved (frame_007.jpg, t=18.6s)
  [capture-periodic] freeze=19ms shot=382ms unfreeze=21ms saved=True
  [capture-loop] iter=100 t=19.6s state={'complete': False, 'error': None, 'executedCount': 1, 'wsState': 1} eval_ms=21
  Frame 9 saved (frame_008.jpg, t=21.2s)
  [capture-periodic] freeze=20ms shot=369ms unfreeze=22ms saved=True
  Frame 10 saved (frame_009.jpg, t=23.8s)
  [capture-periodic] freeze=18ms shot=348ms unfreeze=22ms saved=True
  Frame 11 saved (frame_010.jpg, t=26.4s)
  [capture-periodic] freeze=17ms shot=358ms unfreeze=20ms saved=True
  [capture-loop] iter=150 t=28.3s state={'complete': False, 'error': None, 'executedCount': 1, 'wsState': 1} eval_ms=20
  Frame 12 saved (frame_011.jpg, t=28.9s)
  [capture-periodic] freeze=14ms shot=314ms unfreeze=23ms saved=True
  Frame 13 saved (frame_012.jpg, t=31.5s)
  [capture-periodic] freeze=23ms shot=385ms unfreeze=19ms saved=True
  Frame 14 saved (frame_013.jpg, t=34.1s)
  [capture-periodic] freeze=16ms shot=379ms unfreeze=21ms saved=True
  Frame 15 saved (frame_014.jpg, t=36.7s)
  [capture-periodic] freeze=22ms shot=416ms unfreeze=19ms saved=True
  [capture-loop] iter=200 t=37.5s state={'complete': False, 'error': None, 'executedCount': 1, 'wsState': 1} eval_ms=19
  Frame 16 saved (frame_015.jpg, t=39.3s)
  [capture-periodic] freeze=16ms shot=360ms unfreeze=21ms saved=True
  Frame 17 saved (frame_016.jpg, t=41.9s)
  [capture-periodic] freeze=19ms shot=383ms unfreeze=22ms saved=True
  Frame 18 saved (frame_017.jpg, t=44.5s)
  [capture-periodic] freeze=18ms shot=362ms unfreeze=20ms saved=True
  [capture-loop] iter=250 t=46.1s state={'complete': False, 'error': None, 'executedCount': 1, 'wsState': 1} eval_ms=20
  Frame 19 saved (frame_018.jpg, t=47.1s)
  [capture-periodic] freeze=22ms shot=429ms unfreeze=22ms saved=True
  Frame 20 saved (frame_019.jpg, t=49.7s)
  [capture-periodic] freeze=24ms shot=406ms unfreeze=21ms saved=True
  Frame 21 saved (frame_020.jpg, t=52.3s)
  [capture-periodic] freeze=21ms shot=432ms unfreeze=19ms saved=True
  [capture-loop] iter=300 t=54.8s state={'complete': False, 'error': None, 'executedCount': 1, 'wsState': 1} eval_ms=20
  Frame 22 saved (frame_021.jpg, t=54.8s)
  [capture-periodic] freeze=18ms shot=358ms unfreeze=19ms saved=True
  Frame 23 saved (frame_022.jpg, t=57.4s)
  [capture-periodic] freeze=20ms shot=452ms unfreeze=20ms saved=True
  Frame 24 saved (frame_023.jpg, t=60.1s)
  [capture-periodic] freeze=17ms shot=331ms unfreeze=17ms saved=True
  Frame 25 saved (frame_024.jpg, t=62.6s)
  [capture-periodic] freeze=19ms shot=547ms unfreeze=15ms saved=True
  [capture-loop] iter=350 t=64.1s state={'complete': False, 'error': None, 'executedCount': 1, 'wsState': 1} eval_ms=20
  Frame 26 saved (frame_025.jpg, t=65.4s)
  [capture-periodic] freeze=19ms shot=387ms unfreeze=21ms saved=True
  Frame 27 saved (frame_026.jpg, t=67.9s)
  [capture-periodic] freeze=18ms shot=370ms unfreeze=19ms saved=True
  Frame 28 saved (frame_027.jpg, t=70.5s)
  [capture-periodic] freeze=20ms shot=401ms unfreeze=20ms saved=True
  [capture-loop] iter=400 t=72.8s state={'complete': False, 'error': None, 'executedCount': 1, 'wsState': 1} eval_ms=20
  Frame 29 saved (frame_028.jpg, t=73.2s)
  [capture-periodic] freeze=21ms shot=405ms unfreeze=22ms saved=True
  Frame 30 saved (frame_029.jpg, t=75.7s)
  [capture-periodic] freeze=19ms shot=391ms unfreeze=18ms saved=True
  Frame 31 saved (frame_030.jpg, t=78.4s)
  [capture-periodic] freeze=21ms shot=375ms unfreeze=41ms saved=True
  Frame 32 saved (frame_031.jpg, t=81.0s)
  [capture-periodic] freeze=16ms shot=353ms unfreeze=20ms saved=True
  [capture-loop] iter=450 t=81.9s state={'complete': False, 'error': None, 'executedCount': 1, 'wsState': 1} eval_ms=18
  Frame 33 saved (frame_032.jpg, t=83.6s)
  [capture-periodic] freeze=22ms shot=361ms unfreeze=21ms saved=True
  Frame 34 saved (frame_033.jpg, t=86.2s)
  [capture-periodic] freeze=19ms shot=367ms unfreeze=23ms saved=True
  Frame 35 saved (frame_034.jpg, t=88.7s)
  [capture-periodic] freeze=17ms shot=372ms unfreeze=22ms saved=True
  [capture-loop] iter=500 t=90.4s state={'complete': False, 'error': None, 'executedCount': 1, 'wsState': 1} eval_ms=18
  Frame 36 saved (frame_035.jpg, t=91.2s)
  [capture-periodic] freeze=17ms shot=392ms unfreeze=6ms saved=True
  Frame 37 saved (frame_036.jpg, t=93.8s)
  [capture-periodic] freeze=16ms shot=385ms unfreeze=19ms saved=True
  Frame 38 saved (frame_037.jpg, t=96.5s)
  [capture-periodic] freeze=19ms shot=383ms unfreeze=18ms saved=True
  [capture-loop] iter=550 t=99.0s state={'complete': False, 'error': None, 'executedCount': 1, 'wsState': 1} eval_ms=17
  Frame 39 saved (frame_038.jpg, t=99.1s)
  [capture-periodic] freeze=17ms shot=375ms unfreeze=19ms saved=True
  Frame 40 saved (frame_039.jpg, t=101.7s)
  [capture-periodic] freeze=18ms shot=360ms unfreeze=23ms saved=True
  Frame 41 saved (frame_040.jpg, t=104.3s)
  [capture-periodic] freeze=19ms shot=366ms unfreeze=19ms saved=True
  Frame 42 saved (frame_041.jpg, t=106.9s)
  [capture-periodic] freeze=19ms shot=375ms unfreeze=19ms saved=True
  [capture-loop] iter=600 t=107.9s state={'complete': False, 'error': None, 'executedCount': 1, 'wsState': 1} eval_ms=19
  Frame 43 saved (frame_042.jpg, t=109.5s)
  [capture-periodic] freeze=16ms shot=344ms unfreeze=22ms saved=True
  Frame 44 saved (frame_043.jpg, t=112.1s)
  [capture-periodic] freeze=18ms shot=338ms unfreeze=23ms saved=True
  Frame 45 saved (frame_044.jpg, t=114.7s)
  [capture-periodic] freeze=17ms shot=362ms unfreeze=18ms saved=True
  [capture-loop] iter=650 t=116.4s state={'complete': False, 'error': None, 'executedCount': 1, 'wsState': 1} eval_ms=20
  Frame 46 saved (frame_045.jpg, t=117.1s)
  [capture-periodic] freeze=18ms shot=355ms unfreeze=22ms saved=True
  Frame 47 saved (frame_046.jpg, t=119.7s)
  [capture-periodic] freeze=19ms shot=364ms unfreeze=23ms saved=True
  Frame 48 saved (frame_047.jpg, t=122.3s)
  [capture-periodic] freeze=17ms shot=365ms unfreeze=18ms saved=True
  [capture-loop] iter=700 t=124.9s state={'complete': False, 'error': None, 'executedCount': 1, 'wsState': 1} eval_ms=18
  Frame 49 saved (frame_048.jpg, t=124.9s)
  [capture-periodic] freeze=20ms shot=358ms unfreeze=21ms saved=True
  Frame 50 saved (frame_049.jpg, t=127.5s)
  [capture-periodic] freeze=19ms shot=396ms unfreeze=21ms saved=True
  Frame 51 saved (frame_050.jpg, t=130.2s)
  [capture-periodic] freeze=48ms shot=335ms unfreeze=25ms saved=True
  Frame 52 saved (frame_051.jpg, t=132.7s)
  [capture-periodic] freeze=15ms shot=339ms unfreeze=16ms saved=True
  [capture-loop] iter=750 t=134.7s state={'complete': False, 'error': None, 'executedCount': 1, 'wsState': 1} eval_ms=20
  Node executed (2 total), capturing...
  Frame 53 saved (frame_052.jpg, t=136.0s)
  [capture-node] freeze=30ms shot=662ms unfreeze=23ms saved=True
  Node executed (3 total), capturing...
  Frame 54 saved (frame_053.jpg, t=137.8s)
  [capture-node] freeze=28ms shot=458ms unfreeze=0ms saved=True
  Execution complete (t=137.8s)
  Captured 54 unique frames over 138.48s
  [debug] iframes: 0
  [timing] trigger_3d_previews: 0.0s
  Saved high-quality screenshot: video_point_prompt_executed.png
  [timing] final_screenshot: 2.7s
    Captured 55 video frames