Capturing execution frames: image_seg_point.json
  [ComfyUI] [DEPRECATION WARNING] Detected import of deprecated legacy API: /scripts/ui.js. This is likely caused by a custom node extension using outdated APIs. Please update your extensions or contact the extension author for an updated version.
  [ComfyUI] [DEPRECATION WARNING] Detected import of deprecated legacy API: /extensions/core/widgetInputs.js. This is likely caused by a custom node extension using outdated APIs. Please update your extensions or contact the extension author for an updated version.
  [ComfyUI] [DEPRECATION WARNING] Detected import of deprecated legacy API: /scripts/ui/components/buttonGroup.js. This is likely caused by a custom node extension using outdated APIs. Please update your extensions or contact the extension author for an updated version.
  [ComfyUI] [DEPRECATION WARNING] Detected import of deprecated legacy API: /scripts/ui/components/button.js. This is likely caused by a custom node extension using outdated APIs. Please update your extensions or contact the extension author for an updated version.
  Frame 1 saved (frame_000.jpg, t=0.0s)
  Validating workflow...
  [ComfyUI] === /validate endpoint called ===
  [ComfyUI] Received JSON with keys: ['prompt']
  [ComfyUI] Prompt has 6 nodes
  [ComfyUI]   Node 1: LoadImage
  [ComfyUI]     Inputs: {"image": "example_image.jpg"}
  [ComfyUI]   Node 15: SAM3PointCollector
  Queuing workflow for execution...
  [ComfyUI]     Inputs: {"points_store": "{\"positive\":[{\"x\":426.27735719657574,\"y\":321.42611685978835},{\"x\":417.13743597288953,\"y\":407.3413796907987},{\"x\":431.76130993078743,\"y\":549.9241563039649}],\"negative\"
  [ComfyUI]   Node 28: PreviewImage
  [ComfyUI]     Inputs: {"images": ["31", 2]}
  [ComfyUI]   Node 29: MaskPreview
  [ComfyUI]     Inputs: {"mask": ["31", 0]}
  [ComfyUI]   Node 30: LoadSAM3Model
  [ComfyUI]     Inputs: {"precision": "auto", "compile": false}
  [ComfyUI]   Node 31: SAM3Segmentation
  [ComfyUI]     Inputs: {"refinement_iterations": 0, "use_multimask": true, "output_best_mask": true, "sam3_model_config": ["30", 0], "image": ["1", 0], "positive_points": ["15", 0], "negative_points": ["15", 1]}
  [ComfyUI] Generated prompt_id: 60187633-2874-4c2c-a7d3-cc654ed0aeb5
  [ComfyUI] Calling execution.validate_prompt()...
  [ComfyUI] Validation result: valid=True
  [ComfyUI] === Validation PASSED ===
  [ComfyUI] got prompt
  [ComfyUI] [comfy-env] Running SAM3PointCollector: points_store: '{"positive":[{"x":426.27735719657574,"y":321.42611685978..., coordinates: '[{"x":426.27735719657574,"y":321.42611685978835},{"x":41..., neg_coordinates: '[]', image: torch.float32 [1,720,1280,3] cpu
  [ComfyUI] [VRAM] Before SAM3PointCollector: 843 / 7672 MB
  [ComfyUI] [comfy-env] Removed stale temp dir: /tmp/comfyui_pvenv_8e0acxvv
  [ComfyUI] [SubprocessWorker] call_method: nodes.sam3_interactive.SAM3PointCollector.EXECUTE_NORMALIZED
  [ComfyUI] ComfyUI-Multiband loaded: 15 nodes registered
  [ComfyUI] [SubprocessWorker] acquired lock, ensuring started...
  [ComfyUI] [comfy-env] SubprocessWorker: /home/work/workspaces/SAM3-2242/ComfyUI/custom_nodes/ComfyUI-SAM3/nodes/_env_be9e92/bin/python
  [ComfyUI] [comfy-env] env_vars: {'COMFYUI_BASE': '/home/work/workspaces/SAM3-2242/ComfyUI'}
  [ComfyUI] [ComfyUI-SAM3] python: /home/work/workspaces/SAM3-2242/ComfyUI/custom_nodes/ComfyUI-SAM3/nodes/_env_be9e92/bin/python
  [ComfyUI] [ComfyUI-SAM3] sys_path sent to worker: ['/home/work/workspaces/SAM3-2242/ComfyUI', '/home/work/workspaces/SAM3-2242/ComfyUI/custom_nodes/ComfyUI-SAM3', '/home/work/workspaces/SAM3-2242/ComfyUI/custom_nodes/ComfyUI-SAM3/nodes/_env_be9e92/lib/python3.1/site-packages', '/home/work/workspaces/SAM3-2242/ComfyUI/custom_nodes/ComfyUI-SAM3']
  [ComfyUI] [SubprocessWorker] is_pixi=False, python=/home/work/workspaces/SAM3-2242/ComfyUI/custom_nodes/ComfyUI-SAM3/nodes/_env_be9e92/bin/python
  [ComfyUI] [SubprocessWorker] launching cmd=['/home/work/workspaces/SAM3-2242/ComfyUI/custom_nodes/ComfyUI-SAM3/nodes/_env_be9e92/bin/python', '/tmp/comfyui_pvenv_wqirfajn/persistent_worker.py', 'unix:///dev/shm/comfy_worker_92c760c6bf83.sock']...
  [ComfyUI] [SubprocessWorker] PATH has 9 entries:
  [ComfyUI] [SubprocessWorker]   [0] /home/andredupuy/.local/bin
  [ComfyUI] [SubprocessWorker]   [1] /opt/miniconda3/bin
  [ComfyUI] [SubprocessWorker]   [2] /usr/local/cuda-13.0/bin
  [ComfyUI] [SubprocessWorker]   [3] /opt/miniconda3/condabin
  [ComfyUI] [SubprocessWorker]   [4] /usr/local/sbin
  [ComfyUI] [SubprocessWorker]   [5] /usr/local/bin
  [ComfyUI] [SubprocessWorker]   [6] /usr/sbin
  [ComfyUI] [SubprocessWorker]   [7] /usr/bin
  [ComfyUI] [SubprocessWorker]   [8] /snap/bin
  [ComfyUI] [worker] PATH has 9 entries:
  [ComfyUI] [worker]   [0] /home/andredupuy/.local/bin
  [ComfyUI] [worker]   [1] /opt/miniconda3/bin
  [ComfyUI] [worker]   [2] /usr/local/cuda-13.0/bin
  [ComfyUI] [worker]   [3] /opt/miniconda3/condabin
  [ComfyUI] [worker]   [4] /usr/local/sbin
  [ComfyUI] [worker]   [5] /usr/local/bin
  [ComfyUI] [worker]   [6] /usr/sbin
  [ComfyUI] [worker]   [7] /usr/bin
  [ComfyUI] [worker]   [8] /snap/bin
  [ComfyUI] [worker:ComfyUI-SAM3] WARNING: WARNING: You need pytorch with cu130 or higher to use optimized CUDA operations.
  [ComfyUI] [SubprocessWorker] worker started/confirmed
  [ComfyUI] [comfy-env] PRE-SERIALIZE 'image' shape: torch.Size([1, 720, 1280, 3])
  [ComfyUI] [SubprocessWorker] serializing kwargs to shm...
  [ComfyUI] [SubprocessWorker] created 0 shm blocks
  [ComfyUI] [SubprocessWorker] sending request via socket...
  [ComfyUI] [SubprocessWorker] call_id=1 sending call_method
  [ComfyUI] [worker:ComfyUI-SAM3] [comfy-env] _from_shm got dict with keys: ['__type__', 'strategy', 'parent_pid', 'fd', 'storage_size']
  [ComfyUI] [worker:ComfyUI-SAM3] [comfy-env] DESERIALIZE TensorRef: tensor_size=[1, 720, 1280, 3]
  [ComfyUI] [worker:ComfyUI-SAM3] [comfy-env] DESERIALIZED tensor shape: torch.Size([1, 720, 1280, 3])
  Frame 2 saved (frame_001.jpg, t=2.3s)
  [capture-periodic] freeze=2ms shot=126ms unfreeze=3ms saved=True
  [ComfyUI] [SubprocessWorker] got response: ok
  [ComfyUI] [comfy-env] SAM3PointCollector done (2.39s): result: NodeOutput
  [ComfyUI] [VRAM] After SAM3PointCollector: 1019 / 7672 MB
  [ComfyUI] [comfy-env] Running LoadSAM3Model: precision: 'auto', compile: False
  [ComfyUI] [VRAM] Before LoadSAM3Model: 1019 / 7672 MB
  [ComfyUI] [SubprocessWorker] call_method: nodes.load_model.LoadSAM3Model.EXECUTE_NORMALIZED
  [ComfyUI] [SubprocessWorker] acquired lock, ensuring started...
  [ComfyUI] [ComfyUI-SAM3] Health check: ping (timeout=5.0s)...
  [ComfyUI] [ComfyUI-SAM3] Health check: ok
  [ComfyUI] [SubprocessWorker] worker started/confirmed
  [ComfyUI] [SubprocessWorker] serializing kwargs to shm...
  [ComfyUI] [SubprocessWorker] created 0 shm blocks
  [ComfyUI] [SubprocessWorker] sending request via socket...
  [ComfyUI] [SubprocessWorker] call_id=2 sending call_method
  Node executed (1 total), capturing...
  [ComfyUI] Warning: You are sending unauthenticated requests to the HF Hub. Please set a HF_TOKEN to enable higher rate limits and faster downloads.
  [ComfyUI] [worker:ComfyUI-SAM3] WARNING: Warning: You are sending unauthenticated requests to the HF Hub. Please set a HF_TOKEN to enable higher rate limits and faster downloads.
  Frame 3 saved (frame_002.jpg, t=2.8s)
  [capture-node] freeze=3ms shot=157ms unfreeze=2ms saved=True
  Frame 4 saved (frame_003.jpg, t=5.1s)
  [capture-periodic] freeze=2ms shot=158ms unfreeze=3ms saved=True
  [capture-loop] iter=50 t=6.2s state={'complete': False, 'error': None, 'executedCount': 1, 'wsState': 1} eval_ms=3
  [capture-loop] iter=100 t=11.8s state={'complete': False, 'error': None, 'executedCount': 1, 'wsState': 1} eval_ms=3
  [capture-loop] iter=150 t=17.5s state={'complete': False, 'error': None, 'executedCount': 1, 'wsState': 1} eval_ms=2
  [capture-loop] iter=200 t=23.0s state={'complete': False, 'error': None, 'executedCount': 1, 'wsState': 1} eval_ms=3
  [capture-loop] iter=250 t=28.6s state={'complete': False, 'error': None, 'executedCount': 1, 'wsState': 1} eval_ms=3
  [ComfyUI] [SubprocessWorker] got response: ok
  [ComfyUI] [comfy-env] LoadSAM3Model done (30.19s): result: NodeOutput
  [ComfyUI] [VRAM] After LoadSAM3Model: 991 / 7672 MB
  [ComfyUI] [comfy-env] Running SAM3Segmentation: refinement_iterations: 0, use_multimask: True, output_best_mask: True, sam3_model_config: dict, image: torch.float32 [1,720,1280,3] cpu, positive_points: dict, negative_points: dict
  [ComfyUI] [VRAM] Before SAM3Segmentation: 991 / 7672 MB
  [ComfyUI] [SubprocessWorker] call_method: nodes.segmentation.SAM3Segmentation.EXECUTE_NORMALIZED
  [ComfyUI] [SubprocessWorker] acquired lock, ensuring started...
  [ComfyUI] [ComfyUI-SAM3] Health check: ping (timeout=5.0s)...
  [ComfyUI] [ComfyUI-SAM3] Health check: ok
  [ComfyUI] [SubprocessWorker] worker started/confirmed
  [ComfyUI] [comfy-env] PRE-SERIALIZE 'image' shape: torch.Size([1, 720, 1280, 3])
  [ComfyUI] [SubprocessWorker] serializing kwargs to shm...
  [ComfyUI] [SubprocessWorker] created 0 shm blocks
  [ComfyUI] [SubprocessWorker] sending request via socket...
  [ComfyUI] [SubprocessWorker] call_id=3 sending call_method
  [ComfyUI] [worker:ComfyUI-SAM3] [comfy-env] _from_shm got dict with keys: ['__type__', 'strategy', 'parent_pid', 'fd', 'storage_size']
  [ComfyUI] [worker:ComfyUI-SAM3] [comfy-env] DESERIALIZE TensorRef: tensor_size=[1, 720, 1280, 3]
  [ComfyUI] [worker:ComfyUI-SAM3] [comfy-env] DESERIALIZED tensor shape: torch.Size([1, 720, 1280, 3])
  [capture-loop] iter=300 t=34.2s state={'complete': False, 'error': None, 'executedCount': 1, 'wsState': 1} eval_ms=3
  Frame 5 saved (frame_004.jpg, t=34.2s)
  [capture-periodic] freeze=2ms shot=130ms unfreeze=2ms saved=True
  [ComfyUI] [SubprocessWorker] callback 'request_vram_budget' from call_id=3
  [ComfyUI] [comfy-env] VRAM request: 1.84GB, free before eviction: 6.90GB
  [ComfyUI] [comfy-env] VRAM after eviction: 6.90GB
  [ComfyUI] [worker:ComfyUI-SAM3] [VRAM] +553MB (now 553MB) reserved=576MB peak=553MB
  [ComfyUI] [worker:ComfyUI-SAM3] [VRAM] +1488MB (now 2041MB) reserved=2144MB peak=2063MB
  [ComfyUI] [SubprocessWorker] got response: ok
  [ComfyUI] [comfy-env] SAM3Segmentation done (4.51s): result: NodeOutput
  [ComfyUI] [VRAM] After SAM3Segmentation: 3213 / 7672 MB
  Node executed (2 total), capturing...
  [ComfyUI] Prompt executed in 37.25 seconds
  Frame 6 saved (frame_005.jpg, t=37.6s)
  [capture-node] freeze=2ms shot=148ms unfreeze=2ms saved=True
  Node executed (3 total), capturing...
  Frame 7 saved (frame_006.jpg, t=38.0s)
  [capture-node] freeze=2ms shot=139ms unfreeze=0ms saved=True
  Execution complete (t=38.0s)
  Captured 7 unique frames over 38.24s
  [debug] iframes: 0
  [timing] trigger_3d_previews: 0.0s
  Saved high-quality screenshot: image_seg_point_executed.png
  [timing] final_screenshot: 1.0s
    Captured 8 video frames