[00:00] Crash dump logging enabled: /Users/runner/work/ComfyUI-SAM3/ComfyUI-SAM3/comfy-test-logs/SAM3-2036/macos-cpu/crash_dump.log
[00:00] 
[00:00] [1/3] REGISTRATION
[00:00] ----------------------------------------
[00:00] [DEBUG] server=None, server_url=http://127.0.0.1:8188, api=None
[00:00] 
Connecting to existing server at http://127.0.0.1:8188...
[00:00] Connecting to existing server at http://127.0.0.1:8188...
[00:00] Connected to server! (attempt 1, 0.0s)
[00:00] Checking for import errors in server logs...
[00:00] No import errors detected
[00:00] Found 733 registered nodes
[00:00] [REGISTRATION] PASSED
[00:00] 
[00:00] [2/3] INSTANTIATION
[00:00] ----------------------------------------
[00:00] [DEBUG] server=<comfy_test.comfyui.server.ExternalComfyUIServer object at 0x102a18980>, server_url=http://127.0.0.1:8188, api=<comfy_test.comfyui.api.ComfyUIAPI object at 0x102a18ad0>
[00:00] Testing node constructors...
[00:04] All 15 node(s) instantiated successfully!
[00:04] [INSTANTIATION] PASSED
[00:04] 
[00:04] [3/3] EXECUTION
[00:04] ----------------------------------------
[00:04] [DEBUG] server=<comfy_test.comfyui.server.ExternalComfyUIServer object at 0x102a18980>, server_url=http://127.0.0.1:8188, api=<comfy_test.comfyui.api.ComfyUIAPI object at 0x102a18ad0>
[00:04] CPU runner - will execute 4 workflow(s)
[00:04] Running 5 workflow(s) (all with videos)...
[00:04] Starting headless browser...
[00:05]   No GPU, no Mesa — using SwiftShader software rendering
[00:07] Capturing execution frames: image_seg_point.json
[00:13]   Frame 1 saved (frame_000.jpg, t=0.0s)
[00:13]   Validating workflow...
[00:13]   Queuing workflow for execution...
[00:15]   Frame 2 saved (frame_001.jpg, t=2.3s)
[00:15]   [capture-periodic] freeze=2ms shot=119ms unfreeze=3ms saved=True
[00:18]   Frame 3 saved (frame_002.jpg, t=4.5s)
[00:18]   [capture-periodic] freeze=2ms shot=137ms unfreeze=4ms saved=True
[00:18]   Node executed (1 total), capturing...
[00:18]   Frame 4 saved (frame_003.jpg, t=5.0s)
[00:18]   [capture-node] freeze=2ms shot=123ms unfreeze=3ms saved=True
[00:19]   [capture-loop] iter=50 t=6.3s state={'complete': False, 'error': None, 'executedCount': 1, 'wsState': 1} eval_ms=13
[00:27]   [capture-loop] iter=100 t=14.5s state={'complete': False, 'error': None, 'executedCount': 1, 'wsState': 1} eval_ms=10
[00:34]   Frame 5 saved (frame_004.jpg, t=20.5s)
[00:34]   [capture-periodic] freeze=3ms shot=109ms unfreeze=2ms saved=True
[00:35]   [capture-loop] iter=150 t=21.6s state={'complete': False, 'error': None, 'executedCount': 1, 'wsState': 1} eval_ms=2
[00:36]   Frame 6 saved (frame_005.jpg, t=22.8s)
[00:36]   [capture-periodic] freeze=10ms shot=119ms unfreeze=3ms saved=True
[00:41]   [capture-loop] iter=200 t=27.9s state={'complete': False, 'error': None, 'executedCount': 1, 'wsState': 1} eval_ms=2
[00:48]   [capture-loop] iter=250 t=34.6s state={'complete': False, 'error': None, 'executedCount': 1, 'wsState': 1} eval_ms=26
[00:54]   [capture-loop] iter=300 t=41.3s state={'complete': False, 'error': None, 'executedCount': 1, 'wsState': 1} eval_ms=3
[01:01]   [capture-loop] iter=350 t=47.7s state={'complete': False, 'error': None, 'executedCount': 1, 'wsState': 1} eval_ms=3
[01:07]   [capture-loop] iter=400 t=53.9s state={'complete': False, 'error': None, 'executedCount': 1, 'wsState': 1} eval_ms=10
[01:13]   [capture-loop] iter=450 t=60.5s state={'complete': False, 'error': None, 'executedCount': 2, 'wsState': 1} eval_ms=14
[01:13]   Node executed (2 total), capturing...
[01:14]   Frame 7 saved (frame_006.jpg, t=60.6s)
[01:14]   [capture-node] freeze=3ms shot=116ms unfreeze=5ms saved=True
[01:14]   Node executed (3 total), capturing...
[01:14]   Frame 8 saved (frame_007.jpg, t=61.0s)
[01:14]   [capture-node] freeze=4ms shot=125ms unfreeze=0ms saved=True
[01:14]   Execution complete (t=61.0s)
[01:14]   Captured 8 unique frames over 61.18s
[01:14]   [debug] iframes: 0
[01:14]   [timing] trigger_3d_previews: 0.0s
[01:17]   Saved high-quality screenshot: image_seg_point_executed.png
[01:17]   [timing] final_screenshot: 0.6s
[01:17] Capturing execution frames: image_seg_text.json
[01:22]   Frame 1 saved (frame_000.jpg, t=0.0s)
[01:22]   Validating workflow...
[01:22]   Queuing workflow for execution...
[01:24]   Frame 2 saved (frame_001.jpg, t=2.2s)
[01:24]   [capture-periodic] freeze=2ms shot=102ms unfreeze=2ms saved=True
[01:26]   Frame 3 saved (frame_002.jpg, t=4.4s)
[01:26]   [capture-periodic] freeze=6ms shot=88ms unfreeze=2ms saved=True
[01:28]   [capture-loop] iter=50 t=6.0s state={'complete': False, 'error': None, 'executedCount': 0, 'wsState': 1} eval_ms=26
[01:29]   Frame 4 saved (frame_003.jpg, t=6.5s)
[01:29]   [capture-periodic] freeze=6ms shot=247ms unfreeze=3ms saved=True
[01:34]   [capture-loop] iter=100 t=12.4s state={'complete': False, 'error': None, 'executedCount': 0, 'wsState': 1} eval_ms=2
[01:40]   [capture-loop] iter=150 t=18.5s state={'complete': False, 'error': None, 'executedCount': 0, 'wsState': 1} eval_ms=2
[01:46]   [capture-loop] iter=200 t=24.7s state={'complete': False, 'error': None, 'executedCount': 0, 'wsState': 1} eval_ms=23
[01:53]   [capture-loop] iter=250 t=30.9s state={'complete': False, 'error': None, 'executedCount': 0, 'wsState': 1} eval_ms=13
[01:59]   [capture-loop] iter=300 t=37.1s state={'complete': False, 'error': None, 'executedCount': 0, 'wsState': 1} eval_ms=3
[02:05]   [capture-loop] iter=350 t=43.0s state={'complete': False, 'error': None, 'executedCount': 0, 'wsState': 1} eval_ms=7
[02:12]   Node executed (2 total), capturing...
[02:12]   Frame 5 saved (frame_004.jpg, t=50.3s)
[02:12]   [capture-node] freeze=2ms shot=121ms unfreeze=0ms saved=True
[02:12]   Execution complete (t=50.3s)
[02:12]   Captured 5 unique frames over 50.46s
[02:12]   [debug] iframes: 0
[02:12]   [timing] trigger_3d_previews: 0.0s
[02:15]   Saved high-quality screenshot: image_seg_text_executed.png
[02:15]   [timing] final_screenshot: 0.7s
[02:15] Capturing execution frames: scene_seg.json
[02:20]   Frame 1 saved (frame_000.jpg, t=0.0s)
[02:20]   Validating workflow...
[02:20]   Queuing workflow for execution...
[02:21]   Node executed (1 total), capturing...
[02:22]   Frame 2 saved (frame_001.jpg, t=1.7s)
[02:22]   [capture-node] freeze=2ms shot=435ms unfreeze=331ms saved=True
[02:25]   Frame 3 saved (frame_002.jpg, t=4.6s)
[02:25]   [capture-periodic] freeze=25ms shot=149ms unfreeze=5ms saved=True
[02:27]   Frame 4 saved (frame_003.jpg, t=6.8s)
[02:27]   [capture-periodic] freeze=15ms shot=150ms unfreeze=2ms saved=True
[02:28]   [capture-loop] iter=50 t=8.0s state={'complete': False, 'error': None, 'executedCount': 1, 'wsState': 1} eval_ms=18
[02:34]   [capture-loop] iter=100 t=14.6s state={'complete': False, 'error': None, 'executedCount': 1, 'wsState': 1} eval_ms=10
[02:41]   [capture-loop] iter=150 t=21.1s state={'complete': False, 'error': None, 'executedCount': 1, 'wsState': 1} eval_ms=3
[02:48]   [capture-loop] iter=200 t=27.7s state={'complete': False, 'error': None, 'executedCount': 1, 'wsState': 1} eval_ms=2
[02:54]   [capture-loop] iter=250 t=34.2s state={'complete': False, 'error': None, 'executedCount': 1, 'wsState': 1} eval_ms=5
[03:01]   [capture-loop] iter=300 t=40.6s state={'complete': False, 'error': None, 'executedCount': 1, 'wsState': 1} eval_ms=7
[03:01]   Frame 5 saved (frame_004.jpg, t=40.7s)
[03:01]   [capture-periodic] freeze=5ms shot=188ms unfreeze=4ms saved=True
[03:04]   Frame 6 saved (frame_005.jpg, t=43.0s)
[03:04]   [capture-periodic] freeze=4ms shot=1288ms unfreeze=27ms saved=True
[03:08]   Frame 7 saved (frame_006.jpg, t=46.5s)
[03:08]   [capture-periodic] freeze=2ms shot=1936ms unfreeze=3ms saved=True
[03:18]   [capture-loop] iter=350 t=58.3s state={'complete': False, 'error': None, 'executedCount': 1, 'wsState': 1} eval_ms=4
[03:20]   Frame 8 saved (frame_007.jpg, t=60.0s)
[03:20]   [capture-periodic] freeze=2ms shot=139ms unfreeze=8ms saved=True
[03:22]   Frame 9 saved (frame_008.jpg, t=62.2s)
[03:22]   [capture-periodic] freeze=1ms shot=138ms unfreeze=3ms saved=True
[03:24]   [capture-loop] iter=400 t=64.1s state={'complete': False, 'error': None, 'executedCount': 1, 'wsState': 1} eval_ms=2
[03:26]   Node executed (2 total), capturing...
[03:27]   Frame 10 saved (frame_009.jpg, t=66.5s)
[03:27]   [capture-node] freeze=3ms shot=188ms unfreeze=4ms saved=True
[03:28]   Node executed (3 total), capturing...
[03:30]   Frame 11 saved (frame_010.jpg, t=68.5s)
[03:30]   [capture-node] freeze=47ms shot=1987ms unfreeze=3ms saved=True
[03:31]   Node executed (4 total), capturing...
[03:33]   Frame 12 saved (frame_011.jpg, t=71.5s)
[03:33]   [capture-node] freeze=632ms shot=780ms unfreeze=3ms saved=True
[03:33]   Execution complete (t=73.1s)
[03:33]   Captured 12 unique frames over 73.07s
[03:33]   [debug] iframes: 0
[03:33]   [timing] trigger_3d_previews: 0.0s
[03:36]   Saved high-quality screenshot: scene_seg_executed.png
[03:36]   [timing] final_screenshot: 1.1s
[03:36] Capturing execution frames: scene_seg_interactive.json
[03:41]   Frame 1 saved (frame_000.jpg, t=0.0s)
[03:41]   Validating workflow...
[03:41]   Queuing workflow for execution...
[03:43]   Frame 2 saved (frame_001.jpg, t=2.2s)
[03:43]   [capture-periodic] freeze=2ms shot=113ms unfreeze=5ms saved=True
[03:46]   Frame 3 saved (frame_002.jpg, t=4.4s)
[03:46]   [capture-periodic] freeze=2ms shot=103ms unfreeze=2ms saved=True
[03:47]   [capture-loop] iter=50 t=5.8s state={'complete': False, 'error': None, 'executedCount': 0, 'wsState': 1} eval_ms=2
[03:48]   Frame 4 saved (frame_003.jpg, t=6.7s)
[03:48]   [capture-periodic] freeze=2ms shot=147ms unfreeze=10ms saved=True
[03:53]   [capture-loop] iter=100 t=12.1s state={'complete': False, 'error': None, 'executedCount': 0, 'wsState': 1} eval_ms=5
[04:00]   [capture-loop] iter=150 t=18.5s state={'complete': False, 'error': None, 'executedCount': 0, 'wsState': 1} eval_ms=2
[04:06]   [capture-loop] iter=200 t=25.0s state={'complete': False, 'error': None, 'executedCount': 0, 'wsState': 1} eval_ms=9
[04:13]   [capture-loop] iter=250 t=31.8s state={'complete': False, 'error': None, 'executedCount': 0, 'wsState': 1} eval_ms=2
[04:19]   [capture-loop] iter=300 t=38.3s state={'complete': False, 'error': None, 'executedCount': 0, 'wsState': 1} eval_ms=8
[04:26]   [capture-loop] iter=350 t=44.5s state={'complete': False, 'error': None, 'executedCount': 0, 'wsState': 1} eval_ms=2
[04:26]   Frame 5 saved (frame_004.jpg, t=44.7s)
[04:26]   [capture-periodic] freeze=2ms shot=147ms unfreeze=3ms saved=True
[04:28]   Node executed (1 total), capturing...
[04:29]   Frame 6 saved (frame_005.jpg, t=46.7s)
[04:29]   [capture-node] freeze=620ms shot=364ms unfreeze=6ms saved=True
[04:29]   Node executed (2 total), capturing...
[04:29]   Frame 7 saved (frame_006.jpg, t=48.0s)
[04:29]   [capture-node] freeze=3ms shot=169ms unfreeze=0ms saved=True
[04:29]   Execution complete (t=48.0s)
[04:29]   Captured 7 unique frames over 48.22s
[04:29]   [debug] iframes: 0
[04:29]   [timing] trigger_3d_previews: 0.1s
[04:32]   Saved high-quality screenshot: scene_seg_interactive_executed.png
[04:32]   [timing] final_screenshot: 0.9s
[04:32]   [5/5] SKIPPED (not in cpu list) video_point_prompt.json
[04:33] Results saved to /Users/runner/work/ComfyUI-SAM3/ComfyUI-SAM3/comfy-test-logs/SAM3-2036/macos-cpu/results.json
[04:33] Model report: 3 files, 3.2 GB -> /Users/runner/work/ComfyUI-SAM3/ComfyUI-SAM3/comfy-test-logs/SAM3-2036/macos-cpu/models.json
[04:33] Saved: /Users/runner/work/ComfyUI-SAM3/ComfyUI-SAM3/comfy-test-logs/SAM3-2036/macos-cpu/index.html
[04:33] [EXECUTION] PASSED
[04:33] 
macos: PASSED
