Capturing execution frames: image_seg_point.json
  [Console-error] Failed to load resource: the server responded with a status of 404 (Not Found)
  [Console-error] Failed to load resource: the server responded with a status of 404 (Not Found)
  [Console-error] Failed to load resource: the server responded with a status of 404 (Not Found)
  [Console-error] Failed to load resource: the server responded with a status of 404 (Not Found)
  [Console-error] Failed to load resource: the server responded with a status of 404 (Not Found)
  [Console-error] Failed to load resource: the server responded with a status of 404 (Not Found)
  [Console-warning] [ComfyUI Notice] "scripts/widgets.js" is an internal module, not part of the public API. Future updates may break this import.
  [Console-warning] [ComfyUI Deprecated] Importing from "scripts/ui.js" is deprecated and will be removed in v1.34.
  [Console-warning] [ComfyUI Notice] "extensions/core/widgetInputs.js" is an internal module, not part of the public API. Future updates may break this import.
  [Console-warning] [ComfyUI Notice] "scripts/utils.js" is an internal module, not part of the public API. Future updates may break this import.
  [Console-warning] [MaskEditor] ComfyApp.open_maskeditor is deprecated. Plugins should migrate to using the command system or direct node context menu integration.
  [Console-warning] [ComfyUI Deprecated] Importing from "scripts/ui/components/buttonGroup.js" is deprecated and will be removed in v1.34.
  [Console-warning] [ComfyUI Deprecated] Importing from "scripts/ui/components/button.js" is deprecated and will be removed in v1.34.
  Frame 1 saved (frame_000.jpg, t=0.0s)
  Validating workflow...
  Queuing workflow for execution...
  Node executed (1 total), capturing...
  Frame 2 saved (frame_001.jpg, t=0.5s)
  [capture-node] freeze=3ms shot=176ms unfreeze=5ms saved=True
  [capture-loop] iter=50 t=6.7s state={'complete': False, 'error': None, 'executedCount': 1, 'wsState': 1} eval_ms=4
  [capture-loop] iter=100 t=13.3s state={'complete': False, 'error': None, 'executedCount': 1, 'wsState': 1} eval_ms=4
  Frame 3 saved (frame_002.jpg, t=16.4s)
  [capture-periodic] freeze=5ms shot=184ms unfreeze=5ms saved=True
  [capture-loop] iter=150 t=19.6s state={'complete': False, 'error': None, 'executedCount': 1, 'wsState': 1} eval_ms=5
  [capture-loop] iter=200 t=25.6s state={'complete': False, 'error': None, 'executedCount': 1, 'wsState': 1} eval_ms=5
  [capture-loop] iter=250 t=31.8s state={'complete': False, 'error': None, 'executedCount': 1, 'wsState': 1} eval_ms=4
  [capture-loop] iter=300 t=38.0s state={'complete': False, 'error': None, 'executedCount': 1, 'wsState': 1} eval_ms=4
  [capture-loop] iter=350 t=44.2s state={'complete': False, 'error': None, 'executedCount': 1, 'wsState': 1} eval_ms=5
  [capture-loop] iter=400 t=50.1s state={'complete': False, 'error': None, 'executedCount': 1, 'wsState': 1} eval_ms=4
  [capture-loop] iter=450 t=56.3s state={'complete': False, 'error': None, 'executedCount': 1, 'wsState': 1} eval_ms=4
  [capture-loop] iter=500 t=62.5s state={'complete': False, 'error': None, 'executedCount': 1, 'wsState': 1} eval_ms=4
  Node executed (2 total), capturing...
  Frame 4 saved (frame_003.jpg, t=63.9s)
  [capture-node] freeze=4ms shot=188ms unfreeze=6ms saved=True
  Node executed (3 total), capturing...
  Frame 5 saved (frame_004.jpg, t=64.4s)
  [capture-node] freeze=3ms shot=162ms unfreeze=0ms saved=True
  Execution complete (t=64.4s)
  Captured 5 unique frames over 64.59s
  [debug] iframes: 0
  [timing] trigger_3d_previews: 0.0s
  Saved high-quality screenshot: image_seg_point_executed.png
  [timing] final_screenshot: 0.9s
    Captured 6 video frames