Capturing execution frames: image_seg_text.json
  Frame 1 saved (frame_000.jpg, t=0.0s)
  Validating workflow...
  Queuing workflow for execution...
  Frame 2 saved (frame_001.jpg, t=2.3s)
  [capture-periodic] freeze=4ms shot=200ms unfreeze=9ms saved=True
  Frame 3 saved (frame_002.jpg, t=4.6s)
  [capture-periodic] freeze=4ms shot=167ms unfreeze=5ms saved=True
  [capture-loop] iter=50 t=6.1s state={'complete': False, 'error': None, 'executedCount': 0, 'wsState': 1} eval_ms=5
  Frame 4 saved (frame_003.jpg, t=6.8s)
  [capture-periodic] freeze=4ms shot=206ms unfreeze=6ms saved=True
  [capture-loop] iter=100 t=12.2s state={'complete': False, 'error': None, 'executedCount': 0, 'wsState': 1} eval_ms=5
  [capture-loop] iter=150 t=18.0s state={'complete': False, 'error': None, 'executedCount': 0, 'wsState': 1} eval_ms=5
  [capture-loop] iter=200 t=24.1s state={'complete': False, 'error': None, 'executedCount': 0, 'wsState': 1} eval_ms=8
  [capture-loop] iter=250 t=30.1s state={'complete': False, 'error': None, 'executedCount': 0, 'wsState': 1} eval_ms=4
  [capture-loop] iter=300 t=35.9s state={'complete': False, 'error': None, 'executedCount': 0, 'wsState': 1} eval_ms=5
  [capture-loop] iter=350 t=42.0s state={'complete': False, 'error': None, 'executedCount': 0, 'wsState': 1} eval_ms=4
  [capture-loop] iter=400 t=48.1s state={'complete': False, 'error': None, 'executedCount': 0, 'wsState': 1} eval_ms=4
  [capture-loop] iter=450 t=53.9s state={'complete': False, 'error': None, 'executedCount': 0, 'wsState': 1} eval_ms=5
  [capture-loop] iter=500 t=59.8s state={'complete': False, 'error': None, 'executedCount': 0, 'wsState': 1} eval_ms=3
  [capture-loop] iter=550 t=65.7s state={'complete': False, 'error': None, 'executedCount': 0, 'wsState': 1} eval_ms=5
  Node executed (1 total), capturing...
  Frame 5 saved (frame_004.jpg, t=71.4s)
  [capture-node] freeze=16ms shot=230ms unfreeze=3ms saved=True
  Node executed (2 total), capturing...
  Frame 6 saved (frame_005.jpg, t=72.0s)
  [capture-node] freeze=3ms shot=182ms unfreeze=0ms saved=True
  Execution complete (t=71.9s)
  Captured 6 unique frames over 72.16s
  [debug] iframes: 0
  [timing] trigger_3d_previews: 0.0s
  Saved high-quality screenshot: image_seg_text_executed.png
  [timing] final_screenshot: 0.9s
    Captured 7 video frames