Capturing execution frames: scene_seg_interactive.json
  Frame 1 saved (frame_000.jpg, t=0.0s)
  Validating workflow...
  Queuing workflow for execution...
  Frame 2 saved (frame_001.jpg, t=2.2s)
  [capture-periodic] freeze=3ms shot=154ms unfreeze=3ms saved=True
  Frame 3 saved (frame_002.jpg, t=4.5s)
  [capture-periodic] freeze=4ms shot=179ms unfreeze=6ms saved=True
  [capture-loop] iter=50 t=6.0s state={'complete': False, 'error': None, 'executedCount': 0, 'wsState': 1} eval_ms=5
  Frame 4 saved (frame_003.jpg, t=6.8s)
  [capture-periodic] freeze=4ms shot=198ms unfreeze=5ms saved=True
  [capture-loop] iter=100 t=12.1s state={'complete': False, 'error': None, 'executedCount': 0, 'wsState': 1} eval_ms=4
  [capture-loop] iter=150 t=18.0s state={'complete': False, 'error': None, 'executedCount': 0, 'wsState': 1} eval_ms=4
  [capture-loop] iter=200 t=24.0s state={'complete': False, 'error': None, 'executedCount': 0, 'wsState': 1} eval_ms=5
  [capture-loop] iter=250 t=29.9s state={'complete': False, 'error': None, 'executedCount': 0, 'wsState': 1} eval_ms=4
  [capture-loop] iter=300 t=35.7s state={'complete': False, 'error': None, 'executedCount': 0, 'wsState': 1} eval_ms=4
  [capture-loop] iter=350 t=41.6s state={'complete': False, 'error': None, 'executedCount': 0, 'wsState': 1} eval_ms=4
  [capture-loop] iter=400 t=47.6s state={'complete': False, 'error': None, 'executedCount': 0, 'wsState': 1} eval_ms=5
  [capture-loop] iter=450 t=53.4s state={'complete': False, 'error': None, 'executedCount': 0, 'wsState': 1} eval_ms=5
  [capture-loop] iter=500 t=59.3s state={'complete': False, 'error': None, 'executedCount': 0, 'wsState': 1} eval_ms=5
  [capture-loop] iter=550 t=65.2s state={'complete': False, 'error': None, 'executedCount': 0, 'wsState': 1} eval_ms=6
  Frame 5 saved (frame_004.jpg, t=65.2s)
  [capture-periodic] freeze=4ms shot=190ms unfreeze=4ms saved=True
  Frame 6 saved (frame_005.jpg, t=67.5s)
  [capture-periodic] freeze=5ms shot=184ms unfreeze=7ms saved=True
  Node executed (1 total), capturing...
  Frame 7 saved (frame_006.jpg, t=70.0s)
  [capture-node] freeze=206ms shot=693ms unfreeze=16ms saved=True
  Node executed (2 total), capturing...
  Frame 8 saved (frame_007.jpg, t=71.2s)
  [capture-node] freeze=3ms shot=183ms unfreeze=0ms saved=True
  Execution complete (t=71.2s)
  Captured 8 unique frames over 71.46s
  [debug] iframes: 0
  [timing] trigger_3d_previews: 0.0s
  Saved high-quality screenshot: scene_seg_interactive_executed.png
  [timing] final_screenshot: 1.3s
    Captured 9 video frames