Capturing execution frames: image_seg_text.json
  Validating workflow...
  [ComfyUI] === /validate endpoint called ===
  [ComfyUI] Received JSON with keys: ['prompt']
  [ComfyUI] Prompt has 5 nodes
  [ComfyUI]   Node 1: LoadImage
  [ComfyUI]     Inputs: {"image": "example_image.jpg"}
  [ComfyUI]   Node 3: PreviewImage
  [ComfyUI]     Inputs: {"images": ["13", 1]}
  [ComfyUI]   Node 4: MaskPreview
  [ComfyUI]     Inputs: {"mask": ["13", 0]}
  [ComfyUI]   Node 12: LoadSAM3Model
  [ComfyUI]     Inputs: {"model_path": "models/sam3/sam3.pt"}
  [ComfyUI]   Node 13: SAM3Grounding
  [ComfyUI]     Inputs: {"confidence_threshold": 0.2, "text_prompt": "person", "max_detections": -1, "offload_model": false, "sam3_model": ["12", 0], "image": ["1", 0]}
  [ComfyUI] Generated prompt_id: b595ea3d-db9e-4ca9-a0e0-3e9efed83641
  [ComfyUI] Calling execution.validate_prompt()...
  [ComfyUI] Validation result: valid=True
  Queuing workflow for execution...
  [ComfyUI] === Validation PASSED ===
  [ComfyUI] got prompt
  [ComfyUI] Prompt executed in 56.06 seconds
  Captured 379 frames over 57.85s
  6 unique frames saved as WebP
  Waiting 5000ms for previews to render...
  Saved high-quality screenshot: image_seg_text_executed.png
    Captured 7 video frames