Capturing execution frames: image_seg_point.json
  [Console-error] Failed to load resource: the server responded with a status of 404 (Not Found)
  [Console-error] Failed to load resource: the server responded with a status of 404 (Not Found)
  [Console-error] Failed to load resource: the server responded with a status of 404 (Not Found)
  [Console-error] Failed to load resource: the server responded with a status of 404 (Not Found)
  [Console-error] Failed to load resource: the server responded with a status of 404 (Not Found)
  [Console-warning] [ComfyUI Deprecated] Importing from "scripts/ui.js" is deprecated and will be removed in v1.34.
  [Console-warning] [ComfyUI Notice] "scripts/widgets.js" is an internal module, not part of the public API. Future updates may break this import.
  [Console-warning] [ComfyUI Notice] "extensions/core/widgetInputs.js" is an internal module, not part of the public API. Future updates may break this import.
  [Console-warning] [ComfyUI Notice] "scripts/utils.js" is an internal module, not part of the public API. Future updates may break this import.
  [Console-warning] [MaskEditor] ComfyApp.open_maskeditor is deprecated. Plugins should migrate to using the command system or direct node context menu integration.
  [Console-warning] [ComfyUI Deprecated] Importing from "scripts/ui/components/buttonGroup.js" is deprecated and will be removed in v1.34.
  [Console-warning] [ComfyUI Deprecated] Importing from "scripts/ui/components/button.js" is deprecated and will be removed in v1.34.
  Frame 1 saved (frame_000.jpg, t=0.0s)
  Validating workflow...
  Queuing workflow for execution...
  Node executed (1 total), capturing...
  Frame 2 saved (frame_001.jpg, t=1.4s)
  [capture-node] freeze=55ms shot=510ms unfreeze=25ms saved=True
  [capture-loop] iter=50 t=10.4s state={'complete': False, 'error': None, 'executedCount': 1, 'wsState': 1} eval_ms=20
  [capture-loop] iter=100 t=19.1s state={'complete': False, 'error': None, 'executedCount': 1, 'wsState': 1} eval_ms=31
  [capture-loop] iter=150 t=28.2s state={'complete': False, 'error': None, 'executedCount': 1, 'wsState': 1} eval_ms=20
  Frame 3 saved (frame_002.jpg, t=29.8s)
  [capture-periodic] freeze=21ms shot=478ms unfreeze=22ms saved=True
  [capture-loop] iter=200 t=37.0s state={'complete': False, 'error': None, 'executedCount': 1, 'wsState': 1} eval_ms=18
  Node executed (2 total), capturing...
  Frame 4 saved (frame_003.jpg, t=41.8s)
  [capture-node] freeze=24ms shot=432ms unfreeze=24ms saved=True
  Node executed (3 total), capturing...
  Frame 5 saved (frame_004.jpg, t=42.8s)
  [capture-node] freeze=18ms shot=430ms unfreeze=0ms saved=True
  Execution complete (t=42.8s)
  Captured 5 unique frames over 43.33s
  [debug] iframes: 0
  [timing] trigger_3d_previews: 0.0s
  Saved high-quality screenshot: image_seg_point_executed.png
  [timing] final_screenshot: 2.5s
    Captured 6 video frames