Capturing execution frames: image_seg_text.json
  Frame 1 saved (frame_000.jpg, t=0.0s)
  Validating workflow...
  [ComfyUI] === /validate endpoint called ===
  [ComfyUI] Received JSON with keys: ['prompt']
  [ComfyUI] Prompt has 5 nodes
  Queuing workflow for execution...
  [ComfyUI]   Node 1: LoadImage
  [ComfyUI]     Inputs: {"image": "example_image.jpg"}
  [ComfyUI]   Node 3: PreviewImage
  [ComfyUI]     Inputs: {"images": ["15", 1]}
  [ComfyUI]   Node 4: MaskPreview
  [ComfyUI]     Inputs: {"mask": ["15", 0]}
  [ComfyUI]   Node 12: LoadSAM3Model
  [ComfyUI]     Inputs: {"precision": "auto", "compile": false}
  [ComfyUI]   Node 15: SAM3Grounding
  [ComfyUI]     Inputs: {"confidence_threshold": 0.2, "text_prompt": "child", "max_detections": -1, "sam3_model_config": ["12", 0], "image": ["1", 0]}
  [ComfyUI] Generated prompt_id: 3b0bae1a-d8e0-49a3-ac2f-709e1a354afa
  [ComfyUI] Calling execution.validate_prompt()...
  [ComfyUI] Validation result: valid=True
  [ComfyUI] === Validation PASSED ===
  [ComfyUI] got prompt
  [ComfyUI] [comfy-env] Running LoadSAM3Model: precision: 'auto', compile: False
  [ComfyUI] [VRAM] Before LoadSAM3Model: 1271 / 24575 MB
  [ComfyUI] [SubprocessWorker] call_method: nodes.load_model.LoadSAM3Model.EXECUTE_NORMALIZED
  [ComfyUI] [SubprocessWorker] acquired lock, ensuring started...
  [ComfyUI] [ComfyUI-SAM3] Health check: ping (timeout=5.0s)...
  [ComfyUI] [ComfyUI-SAM3] Health check: ok
  [ComfyUI] [SubprocessWorker] worker started/confirmed
  [ComfyUI] [SubprocessWorker] serializing kwargs to shm...
  [ComfyUI] [SubprocessWorker] created 0 shm blocks
  [ComfyUI] [SubprocessWorker] sending request via socket...
  [ComfyUI] [SubprocessWorker] call_id=4 sending call_method
  [ComfyUI] [SubprocessWorker] got response: ok
  [ComfyUI] [comfy-env] LoadSAM3Model done (0.03s): result: NodeOutput
  [ComfyUI] [VRAM] After LoadSAM3Model: 1271 / 24575 MB
  [ComfyUI] [comfy-env] Running SAM3Grounding: confidence_threshold: 0.2, text_prompt: 'child', max_detections: -1, sam3_model_config: dict, image: torch.float32 [1,720,1280,3] cpu
  [ComfyUI] [VRAM] Before SAM3Grounding: 1271 / 24575 MB
  [ComfyUI] [SubprocessWorker] call_method: nodes.segmentation.SAM3Grounding.EXECUTE_NORMALIZED
  [ComfyUI] [SubprocessWorker] acquired lock, ensuring started...
  [ComfyUI] [ComfyUI-SAM3] Health check: ping (timeout=5.0s)...
  [ComfyUI] [ComfyUI-SAM3] Health check: ok
  [ComfyUI] [SubprocessWorker] worker started/confirmed
  [ComfyUI] [comfy-env] PRE-SERIALIZE 'image' shape: torch.Size([1, 720, 1280, 3])
  [ComfyUI] [SubprocessWorker] serializing kwargs to shm...
  [ComfyUI] [SubprocessWorker] created 0 shm blocks
  [ComfyUI] [SubprocessWorker] sending request via socket...
  [ComfyUI] [SubprocessWorker] call_id=5 sending call_method
  [ComfyUI] [worker:ComfyUI-SAM3] [comfy-env] _from_shm got dict with keys: ['__type__', 'strategy', 'manager_path', 'storage_key', 'storage_size']
  [ComfyUI] [worker:ComfyUI-SAM3] [comfy-env] DESERIALIZE TensorRef: tensor_size=[1, 720, 1280, 3]
  [ComfyUI] [worker:ComfyUI-SAM3] [comfy-env] DESERIALIZED tensor shape: torch.Size([1, 720, 1280, 3])
  [ComfyUI] [SubprocessWorker] callback 'request_vram_budget' from call_id=5
  [ComfyUI] [comfy-env] VRAM request: 1.84GB, free before eviction: 24.44GB
  [ComfyUI] [comfy-env] VRAM after eviction: 24.44GB
  [ComfyUI] [worker:ComfyUI-SAM3] WARNING: Flash Attention failed, using default SDPA: Mask must not be set for Flash attention
  [ComfyUI] [worker:ComfyUI-SAM3] WARNING: Flash Attention failed, using default SDPA: Mask must not be set for Flash attention
  [ComfyUI] [worker:ComfyUI-SAM3] WARNING: Flash Attention failed, using default SDPA: Mask must not be set for Flash attention
  [ComfyUI] [worker:ComfyUI-SAM3] WARNING: Flash Attention failed, using default SDPA: Mask must not be set for Flash attention
  [ComfyUI] [worker:ComfyUI-SAM3] WARNING: Flash Attention failed, using default SDPA: Mask must not be set for Flash attention
  [ComfyUI] [worker:ComfyUI-SAM3] WARNING: Flash Attention failed, using default SDPA: Mask must not be set for Flash attention
  [ComfyUI] [worker:ComfyUI-SAM3] WARNING: Flash Attention failed, using default SDPA: Mask must not be set for Flash attention
  [ComfyUI] [worker:ComfyUI-SAM3] WARNING: Flash Attention failed, using default SDPA: Mask must not be set for Flash attention
  [ComfyUI] [worker:ComfyUI-SAM3] WARNING: Flash Attention failed, using default SDPA: Mask must not be set for Flash attention
  [ComfyUI] [worker:ComfyUI-SAM3] WARNING: Flash Attention failed, using default SDPA: Mask must not be set for Flash attention
  [ComfyUI] [worker:ComfyUI-SAM3] WARNING: Flash Attention failed, using default SDPA: Mask must not be set for Flash attention
  [ComfyUI] [worker:ComfyUI-SAM3] WARNING: Flash Attention failed, using default SDPA: Mask must not be set for Flash attention
  [ComfyUI] [worker:ComfyUI-SAM3] WARNING: Flash Attention failed, using default SDPA: Mask must not be set for Flash attention
  [ComfyUI] [worker:ComfyUI-SAM3] WARNING: Flash Attention failed, using default SDPA: Mask must not be set for Flash attention
  [ComfyUI] [worker:ComfyUI-SAM3] WARNING: Flash Attention failed, using default SDPA: Mask must not be set for Flash attention
  [ComfyUI] [worker:ComfyUI-SAM3] WARNING: Flash Attention failed, using default SDPA: Mask must not be set for Flash attention
  [ComfyUI] [worker:ComfyUI-SAM3] WARNING: Flash Attention failed, using default SDPA: Mask must not be set for Flash attention
  [ComfyUI] [worker:ComfyUI-SAM3] WARNING: Flash Attention failed, using default SDPA: Mask must not be set for Flash attention
  [ComfyUI] [worker:ComfyUI-SAM3] WARNING: Flash Attention failed, using default SDPA: Mask must not be set for Flash attention
  [ComfyUI] [worker:ComfyUI-SAM3] WARNING: Flash Attention failed, using default SDPA: Mask must not be set for Flash attention
  [ComfyUI] [worker:ComfyUI-SAM3] WARNING: Flash Attention failed, using default SDPA: Mask must not be set for Flash attention
  [ComfyUI] [worker:ComfyUI-SAM3] WARNING: Flash Attention failed, using default SDPA: Mask must not be set for Flash attention
  [ComfyUI] [worker:ComfyUI-SAM3] WARNING: Flash Attention failed, using default SDPA: Mask must not be set for Flash attention
  [ComfyUI] [worker:ComfyUI-SAM3] WARNING: Flash Attention failed, using default SDPA: Mask must not be set for Flash attention
  [ComfyUI] [worker:ComfyUI-SAM3] WARNING: Flash Attention failed, using default SDPA: Mask must not be set for Flash attention
  [ComfyUI] [worker:ComfyUI-SAM3] WARNING: Flash Attention failed, using default SDPA: Mask must not be set for Flash attention
  [ComfyUI] [worker:ComfyUI-SAM3] WARNING: Flash Attention failed, using default SDPA: Mask must not be set for Flash attention
  [ComfyUI] [worker:ComfyUI-SAM3] WARNING: Flash Attention failed, using default SDPA: Mask must not be set for Flash attention
  [ComfyUI] [worker:ComfyUI-SAM3] WARNING: Flash Attention failed, using default SDPA: Mask must not be set for Flash attention
  [ComfyUI] [worker:ComfyUI-SAM3] WARNING: Flash Attention failed, using default SDPA: Mask must not be set for Flash attention
  [ComfyUI] [worker:ComfyUI-SAM3] WARNING: Flash Attention failed, using default SDPA: Mask must not be set for Flash attention
  [ComfyUI] [worker:ComfyUI-SAM3] WARNING: Flash Attention failed, using default SDPA: Mask must not be set for Flash attention
  [ComfyUI] [worker:ComfyUI-SAM3] WARNING: Flash Attention failed, using default SDPA: Mask must not be set for Flash attention
  [ComfyUI] [worker:ComfyUI-SAM3] WARNING: Flash Attention failed, using default SDPA: Mask must not be set for Flash attention
  [ComfyUI] [worker:ComfyUI-SAM3] WARNING: Flash Attention failed, using default SDPA: Mask must not be set for Flash attention
  [ComfyUI] [worker:ComfyUI-SAM3] WARNING: Flash Attention failed, using default SDPA: Mask must not be set for Flash attention
  [ComfyUI] [worker:ComfyUI-SAM3] WARNING: Flash Attention failed, using default SDPA: Mask must not be set for Flash attention
  [ComfyUI] [worker:ComfyUI-SAM3] WARNING: Flash Attention failed, using default SDPA: Mask must not be set for Flash attention
  [ComfyUI] [worker:ComfyUI-SAM3] WARNING: Flash Attention failed, using default SDPA: Mask must not be set for Flash attention
  [ComfyUI] [worker:ComfyUI-SAM3] WARNING: Flash Attention failed, using default SDPA: Mask must not be set for Flash attention
  [ComfyUI] [worker:ComfyUI-SAM3] WARNING: Flash Attention failed, using default SDPA: Mask must not be set for Flash attention
  [ComfyUI] [worker:ComfyUI-SAM3] WARNING: Flash Attention failed, using default SDPA: Mask must not be set for Flash attention
  [ComfyUI] [worker:ComfyUI-SAM3] WARNING: Flash Attention failed, using default SDPA: Mask must not be set for Flash attention
  [ComfyUI] [worker:ComfyUI-SAM3] WARNING: Flash Attention failed, using default SDPA: Mask must not be set for Flash attention
  [ComfyUI] [worker:ComfyUI-SAM3] WARNING: Flash Attention failed, using default SDPA: Mask must not be set for Flash attention
  [ComfyUI] [worker:ComfyUI-SAM3] WARNING: Flash Attention failed, using default SDPA: Mask must not be set for Flash attention
  [ComfyUI] [SubprocessWorker] got response: ok
  [ComfyUI] [comfy-env] SAM3Grounding done (2.17s): result: NodeOutput
  [ComfyUI] [VRAM] After SAM3Grounding: 1271 / 24575 MB
  Frame 2 saved (frame_001.jpg, t=2.4s)
  [capture-periodic] freeze=5ms shot=211ms unfreeze=7ms saved=True
  [ComfyUI] Prompt executed in 2.61 seconds
  Node executed (2 total), capturing...
  Frame 3 saved (frame_002.jpg, t=3.0s)
  [capture-node] freeze=4ms shot=184ms unfreeze=0ms saved=True
  Execution complete (t=3.0s)
  Captured 3 unique frames over 3.26s
  [debug] iframes: 0
  [timing] trigger_3d_previews: 0.0s
  Saved high-quality screenshot: image_seg_text_executed.png
  [timing] final_screenshot: 1.0s
    Captured 4 video frames