[Console-error] Failed to load resource: the server responded with a status of 404 (Not Found)
[Console-error] Failed to load resource: the server responded with a status of 404 (Not Found)
[Console-warning] [ComfyUI] The legacy queue/history menu is deprecated. Core functionality in this menu may break at any time. Issues and feature requests related to the legacy menu will not be addressed. To switch to the new menu: Settings → search "Use new menu" → change from "Disabled" to "Top".
[Console-warning] [ComfyUI] The legacy queue/history menu is deprecated. Core functionality in this menu may break at any time. Issues and feature requests related to the legacy menu will not be addressed. To switch to the new menu: Settings → search "Use new menu" → change from "Disabled" to "Top".
[Console-error] Failed to load resource: the server responded with a status of 404 (Not Found)
[Console-warning] Locale "de" is not supported
[Console-error] Failed to load resource: the server responded with a status of 404 (Not Found)
[Console-error] Failed to load resource: the server responded with a status of 404 (Not Found)
[Console-error] Failed to load resource: the server responded with a status of 404 (Not Found)
[Console-log] [SAM3] ===== MULTI-REGION COLLECTOR VERSION 1 =====
[Console-warning] [ComfyUI Deprecated] Importing from "scripts/ui.js" is deprecated and will be removed in v1.34.
[Console-warning] [ComfyUI Notice] "scripts/widgets.js" is an internal module, not part of the public API. Future updates may break this import.
[Console-log] [SAM3] ===== VERSION 8 - SERIALIZATION ENABLED =====
[Console-log] [SAM3] ===== BBOX COLLECTOR VERSION 1 =====
[Console-warning] [ComfyUI Notice] "extensions/core/widgetInputs.js" is an internal module, not part of the public API. Future updates may break this import.
[Console-warning] [ComfyUI Notice] "scripts/utils.js" is an internal module, not part of the public API. Future updates may break this import.
[Console-warning] [MaskEditor] ComfyApp.open_maskeditor is deprecated. Plugins should migrate to using the command system or direct node context menu integration.
[Console-log] [SAM3] Registering SAM3PointCollector node
[Console-log] [SAM3] Registering SAM3BBoxCollector node
[Console-log] [SAM3] Registering SAM3MultiRegionCollector node
[Console-log] [SAM3] Registering SAM3InteractiveCollector node
[Console-warning] [ComfyUI Deprecated] Importing from "scripts/ui/components/buttonGroup.js" is deprecated and will be removed in v1.34.
[Console-warning] [ComfyUI Deprecated] Importing from "scripts/ui/components/button.js" is deprecated and will be removed in v1.34.
[Console-log] [SAM3] onNodeCreated called for SAM3PointCollector
[Console-log] [SAM3] Widgets after creation: [points_store, coordinates, neg_coordinates]
[Console-log] [SAM3] Creating canvas container
[Console-log] [SAM3] Canvas created: JSHandle@node
[Console-log] [SAM3] Adding DOM widget via addDOMWidget
[Console-log] [SAM3] addDOMWidget returned: DOMWidgetImpl
[Console-log] [SAM3] Attempting to hide widgets...
[Console-log] [SAM3] Widgets before hiding: [points_store, coordinates, neg_coordinates, canvas]
[Console-log] [SAM3] Found widgets to hide: {coordsWidget: TextWidget, negCoordsWidget: TextWidget, storeWidget: TextWidget}
[Console-log] [SAM3] coordinates - type: converted-widget hidden: true value: []
[Console-log] [SAM3] neg_coordinates - type: converted-widget hidden: true value: []
[Console-log] [SAM3] points_store - type: converted-widget hidden: true value: {}
[Console-log] [SAM3] Widgets after hiding: [points_store(converted-widget), coordinates(converted-widget), neg_coordinates(converted-widget), canvas(customCanvas)]
[Console-log] [SAM3] All widgets processing complete
[Console-log] [SAM3] Drawing initial placeholder
[Console-log] [SAM3] Node size set to: [400, 380]
[Console-log] [SAM3] onNodeCreated complete
[Console-log] [comfy-test] graphToPrompt: 6 nodes, missing class_type: [], sample: {"inputs":{"image":"example_image.jpg"},"class_type":"LoadImage","_meta":{"title":"Load Image"}}
[Console-log] [SAM3] onExecuted called with message: {bg_image: Array(1)}
[Console-log] [SAM3] Image loaded: 1280x720
[Console-log] [SAM3] Widget resized to match image: 214px