Capturing execution frames: scene_seg.json
  [ComfyUI] Exception in callback _ProactorBasePipeTransport._call_connection_lost()
  [ComfyUI] handle: <Handle _ProactorBasePipeTransport._call_connection_lost()>
  [ComfyUI] Traceback (most recent call last):
  [ComfyUI]   File "asyncio\events.py", line 89, in _run
  [ComfyUI]   File "asyncio\proactor_events.py", line 165, in _call_connection_lost
  [ComfyUI] ConnectionResetError: [WinError 10054] An existing connection was forcibly closed by the remote host
  Frame 1 saved (frame_000.jpg, t=0.0s)
  Validating workflow...
  [ComfyUI] === /validate endpoint called ===
  [ComfyUI] Received JSON with keys: ['prompt']
  [ComfyUI] Prompt has 10 nodes
  [ComfyUI]   Node 1: LoadImage
  Queuing workflow for execution...
  [ComfyUI]     Inputs: {"image": "image.png"}
  [ComfyUI]   Node 3: PreviewImage
  [ComfyUI]     Inputs: {"images": ["27", 1]}
  [ComfyUI]   Node 4: MaskPreview
  [ComfyUI]     Inputs: {"mask": ["27", 0]}
  [ComfyUI]   Node 12: LoadSAM3Model
  [ComfyUI]     Inputs: {"precision": "fp32", "compile": false}
  [ComfyUI]   Node 20: SAM3MultiRegionCollector
  [ComfyUI]     Inputs: {"multi_prompts_store": "[{\"positive_points\":[{\"x\":5052.74953932266,\"y\":2847.0600693869637},{\"x\":4932.510591392486,\"y\":2953.9413227753366},{\"x\":4718.752461738845,\"y\":2967.301479448883},{
  [ComfyUI]   Node 22: MultibandFromBatch
  [ComfyUI]     Inputs: {"images": ["1", 0], "masks": ["27", 0]}
  [ComfyUI]   Node 23: MultibandSave
  [ComfyUI]     Inputs: {"file_path": "output/multiband", "format": "npz", "multiband": ["26", 0]}
  [ComfyUI]   Node 24: MultibandPreview
  [ComfyUI]     Inputs: {"channel_index": 0, "multiband": ["26", 0]}
  [ComfyUI]   Node 26: MultibandResize
  [ComfyUI]     Inputs: {"upscale_method": "nearest-exact", "width": 900, "height": 600, "crop": "center", "multiband": ["22", 0]}
  [ComfyUI]   Node 27: SAM3MultipromptSegmentation
  [ComfyUI]     Inputs: {"refinement_iterations": 0, "use_multimask": false, "sam3_model_config": ["12", 0], "image": ["1", 0], "multi_prompts": ["20", 0]}
  [ComfyUI] Generated prompt_id: d42af805-28f0-4e2e-aa67-2bdf6591f0b7
  [ComfyUI] Calling execution.validate_prompt()...
  [ComfyUI] Validation result: valid=True
  [ComfyUI] === Validation PASSED ===
  [ComfyUI] got prompt
  [ComfyUI] [comfy-env] Running SAM3MultiRegionCollector: multi_prompts_store: '[{"positive_points":[{"x":5052.74953932266,"y":2847.0600..., image: torch.float32 [1,4480,6720,3] cpu
  [ComfyUI] [VRAM] Before SAM3MultiRegionCollector: 1271 / 24575 MB
  [ComfyUI] [SubprocessWorker] call_method: nodes.sam3_interactive.SAM3MultiRegionCollector.EXECUTE_NORMALIZED
  [ComfyUI] [SubprocessWorker] acquired lock, ensuring started...
  [ComfyUI] [ComfyUI-SAM3] Health check: ping (timeout=5.0s)...
  [ComfyUI] [ComfyUI-SAM3] Health check: ok
  [ComfyUI] [SubprocessWorker] worker started/confirmed
  [ComfyUI] [comfy-env] PRE-SERIALIZE 'image' shape: torch.Size([1, 4480, 6720, 3])
  [ComfyUI] [SubprocessWorker] serializing kwargs to shm...
  [ComfyUI] [SubprocessWorker] created 0 shm blocks
  [ComfyUI] [SubprocessWorker] sending request via socket...
  [ComfyUI] [SubprocessWorker] call_id=6 sending call_method
  [ComfyUI] [worker:ComfyUI-SAM3] [comfy-env] _from_shm got dict with keys: ['__type__', 'strategy', 'manager_path', 'storage_key', 'storage_size']
  [ComfyUI] [worker:ComfyUI-SAM3] [comfy-env] DESERIALIZE TensorRef: tensor_size=[1, 4480, 6720, 3]
  [ComfyUI] [worker:ComfyUI-SAM3] [comfy-env] DESERIALIZED tensor shape: torch.Size([1, 4480, 6720, 3])
  [ComfyUI] [SubprocessWorker] got response: ok
  [ComfyUI] [comfy-env] SAM3MultiRegionCollector done (0.83s): result: NodeOutput
  [ComfyUI] [VRAM] After SAM3MultiRegionCollector: 1271 / 24575 MB
  [ComfyUI] [comfy-env] Running LoadSAM3Model: precision: 'fp32', compile: False
  [ComfyUI] [VRAM] Before LoadSAM3Model: 1271 / 24575 MB
  [ComfyUI] [SubprocessWorker] call_method: nodes.load_model.LoadSAM3Model.EXECUTE_NORMALIZED
  [ComfyUI] [SubprocessWorker] acquired lock, ensuring started...
  [ComfyUI] [ComfyUI-SAM3] Health check: ping (timeout=5.0s)...
  [ComfyUI] [ComfyUI-SAM3] Health check: ok
  [ComfyUI] [SubprocessWorker] worker started/confirmed
  [ComfyUI] [SubprocessWorker] serializing kwargs to shm...
  [ComfyUI] [SubprocessWorker] created 0 shm blocks
  [ComfyUI] [SubprocessWorker] sending request via socket...
  [ComfyUI] [SubprocessWorker] call_id=7 sending call_method
  [ComfyUI] [SubprocessWorker] got response: ok
  [ComfyUI] [comfy-env] LoadSAM3Model done (0.03s): result: NodeOutput
  [ComfyUI] [VRAM] After LoadSAM3Model: 1271 / 24575 MB
  [ComfyUI] [comfy-env] Running SAM3MultipromptSegmentation: refinement_iterations: 0, use_multimask: False, sam3_model_config: dict, image: torch.float32 [1,4480,6720,3] cpu, multi_prompts: list[7]
  [ComfyUI] [VRAM] Before SAM3MultipromptSegmentation: 1271 / 24575 MB
  [ComfyUI] [SubprocessWorker] call_method: nodes.segmentation.SAM3MultipromptSegmentation.EXECUTE_NORMALIZED
  [ComfyUI] [SubprocessWorker] acquired lock, ensuring started...
  [ComfyUI] [ComfyUI-SAM3] Health check: ping (timeout=5.0s)...
  [ComfyUI] [ComfyUI-SAM3] Health check: ok
  [ComfyUI] [SubprocessWorker] worker started/confirmed
  [ComfyUI] [comfy-env] PRE-SERIALIZE 'image' shape: torch.Size([1, 4480, 6720, 3])
  [ComfyUI] [SubprocessWorker] serializing kwargs to shm...
  [ComfyUI] [SubprocessWorker] created 0 shm blocks
  [ComfyUI] [SubprocessWorker] sending request via socket...
  [ComfyUI] [SubprocessWorker] call_id=8 sending call_method
  [ComfyUI] [worker:ComfyUI-SAM3] [comfy-env] _from_shm got dict with keys: ['__type__', 'strategy', 'manager_path', 'storage_key', 'storage_size']
  [ComfyUI] [worker:ComfyUI-SAM3] [comfy-env] DESERIALIZE TensorRef: tensor_size=[1, 4480, 6720, 3]
  [ComfyUI] [worker:ComfyUI-SAM3] [comfy-env] DESERIALIZED tensor shape: torch.Size([1, 4480, 6720, 3])
  Frame 2 saved (frame_001.jpg, t=2.4s)
  [capture-periodic] freeze=4ms shot=369ms unfreeze=33ms saved=True
  Node executed (1 total), capturing...
  [ComfyUI] [SubprocessWorker] callback 'request_vram_budget' from call_id=8
  [ComfyUI] [comfy-env] VRAM request: 3.50GB, free before eviction: 24.44GB
  [ComfyUI] [comfy-env] VRAM after eviction: 24.44GB
  [ComfyUI] [worker:ComfyUI-SAM3] [VRAM] -2039MB (now 9MB) reserved=96MB peak=2139MB
  Frame 3 saved (frame_002.jpg, t=3.1s)
  [capture-node] freeze=4ms shot=270ms unfreeze=4ms saved=True
  [ComfyUI] [worker:ComfyUI-SAM3] [VRAM] +1044MB (now 1053MB) reserved=1088MB peak=2139MB
  [ComfyUI] [worker:ComfyUI-SAM3] [VRAM] +1378MB (now 2431MB) reserved=2464MB peak=2431MB
  Frame 4 saved (frame_003.jpg, t=5.5s)
  [capture-periodic] freeze=7ms shot=215ms unfreeze=5ms saved=True
  [ComfyUI] [worker:ComfyUI-SAM3] [VRAM] +911MB (now 3343MB) reserved=3360MB peak=3343MB
  [capture-loop] iter=50 t=7.4s state={'complete': False, 'error': None, 'executedCount': 1, 'wsState': 1} eval_ms=8
  [ComfyUI] [worker:ComfyUI-SAM3] WARNING: Flash Attention failed, using default SDPA: FlashAttention only support fp16 and bf16 data type
  [ComfyUI] [worker:ComfyUI-SAM3] WARNING: Flash Attention failed, using default SDPA: FlashAttention only support fp16 and bf16 data type
  [ComfyUI] [worker:ComfyUI-SAM3] WARNING: Flash Attention failed, using default SDPA: FlashAttention only support fp16 and bf16 data type
  [ComfyUI] [worker:ComfyUI-SAM3] WARNING: Flash Attention failed, using default SDPA: FlashAttention only support fp16 and bf16 data type
  [ComfyUI] [worker:ComfyUI-SAM3] WARNING: Flash Attention failed, using default SDPA: FlashAttention only support fp16 and bf16 data type
  [ComfyUI] [worker:ComfyUI-SAM3] WARNING: Flash Attention failed, using default SDPA: FlashAttention only support fp16 and bf16 data type
  [ComfyUI] [worker:ComfyUI-SAM3] WARNING: Flash Attention failed, using default SDPA: FlashAttention only support fp16 and bf16 data type
  [ComfyUI] [worker:ComfyUI-SAM3] WARNING: Flash Attention failed, using default SDPA: FlashAttention only support fp16 and bf16 data type
  [ComfyUI] [worker:ComfyUI-SAM3] WARNING: Flash Attention failed, using default SDPA: FlashAttention only support fp16 and bf16 data type
  [ComfyUI] [worker:ComfyUI-SAM3] WARNING: Flash Attention failed, using default SDPA: FlashAttention only support fp16 and bf16 data type
  [ComfyUI] [worker:ComfyUI-SAM3] WARNING: Flash Attention failed, using default SDPA: FlashAttention only support fp16 and bf16 data type
  [ComfyUI] [worker:ComfyUI-SAM3] WARNING: Flash Attention failed, using default SDPA: FlashAttention only support fp16 and bf16 data type
  [ComfyUI] [worker:ComfyUI-SAM3] WARNING: Flash Attention failed, using default SDPA: FlashAttention only support fp16 and bf16 data type
  [ComfyUI] [worker:ComfyUI-SAM3] WARNING: Flash Attention failed, using default SDPA: FlashAttention only support fp16 and bf16 data type
  [ComfyUI] [worker:ComfyUI-SAM3] WARNING: Flash Attention failed, using default SDPA: FlashAttention only support fp16 and bf16 data type
  [ComfyUI] [worker:ComfyUI-SAM3] WARNING: Flash Attention failed, using default SDPA: FlashAttention only support fp16 and bf16 data type
  [ComfyUI] [worker:ComfyUI-SAM3] WARNING: Flash Attention failed, using default SDPA: FlashAttention only support fp16 and bf16 data type
  [ComfyUI] [worker:ComfyUI-SAM3] WARNING: Flash Attention failed, using default SDPA: FlashAttention only support fp16 and bf16 data type
  [ComfyUI] [worker:ComfyUI-SAM3] WARNING: Flash Attention failed, using default SDPA: FlashAttention only support fp16 and bf16 data type
  [ComfyUI] [worker:ComfyUI-SAM3] WARNING: Flash Attention failed, using default SDPA: FlashAttention only support fp16 and bf16 data type
  [ComfyUI] [worker:ComfyUI-SAM3] WARNING: Flash Attention failed, using default SDPA: FlashAttention only support fp16 and bf16 data type
  [ComfyUI] [worker:ComfyUI-SAM3] WARNING: Flash Attention failed, using default SDPA: FlashAttention only support fp16 and bf16 data type
  [ComfyUI] [worker:ComfyUI-SAM3] WARNING: Flash Attention failed, using default SDPA: FlashAttention only support fp16 and bf16 data type
  [ComfyUI] [worker:ComfyUI-SAM3] WARNING: Flash Attention failed, using default SDPA: FlashAttention only support fp16 and bf16 data type
  [ComfyUI] [worker:ComfyUI-SAM3] WARNING: Flash Attention failed, using default SDPA: FlashAttention only support fp16 and bf16 data type
  [ComfyUI] [worker:ComfyUI-SAM3] WARNING: Flash Attention failed, using default SDPA: FlashAttention only support fp16 and bf16 data type
  [ComfyUI] [worker:ComfyUI-SAM3] WARNING: Flash Attention failed, using default SDPA: FlashAttention only support fp16 and bf16 data type
  [ComfyUI] [worker:ComfyUI-SAM3] WARNING: Flash Attention failed, using default SDPA: FlashAttention only support fp16 and bf16 data type
  [ComfyUI] [worker:ComfyUI-SAM3] WARNING: Flash Attention failed, using default SDPA: FlashAttention only support fp16 and bf16 data type
  [ComfyUI] [worker:ComfyUI-SAM3] WARNING: Flash Attention failed, using default SDPA: FlashAttention only support fp16 and bf16 data type
  [ComfyUI] [worker:ComfyUI-SAM3] WARNING: Flash Attention failed, using default SDPA: FlashAttention only support fp16 and bf16 data type
  [ComfyUI] [worker:ComfyUI-SAM3] WARNING: Flash Attention failed, using default SDPA: FlashAttention only support fp16 and bf16 data type
  [ComfyUI] [worker:ComfyUI-SAM3] WARNING: Flash Attention failed, using default SDPA: FlashAttention only support fp16 and bf16 data type
  [ComfyUI] [worker:ComfyUI-SAM3] WARNING: Flash Attention failed, using default SDPA: FlashAttention only support fp16 and bf16 data type
  [ComfyUI] [worker:ComfyUI-SAM3] WARNING: Flash Attention failed, using default SDPA: FlashAttention only support fp16 and bf16 data type
  [ComfyUI] [worker:ComfyUI-SAM3] WARNING: Flash Attention failed, using default SDPA: FlashAttention only support fp16 and bf16 data type
  [ComfyUI] [worker:ComfyUI-SAM3] WARNING: Flash Attention failed, using default SDPA: FlashAttention only support fp16 and bf16 data type
  [ComfyUI] [worker:ComfyUI-SAM3] WARNING: Flash Attention failed, using default SDPA: FlashAttention only support fp16 and bf16 data type
  [ComfyUI] [worker:ComfyUI-SAM3] WARNING: Flash Attention failed, using default SDPA: FlashAttention only support fp16 and bf16 data type
  [ComfyUI] [worker:ComfyUI-SAM3] [VRAM] +489MB (now 3833MB) reserved=3904MB peak=3833MB
  [ComfyUI] [SubprocessWorker] callback 'report_progress' from call_id=8
  [ComfyUI] [worker:ComfyUI-SAM3] WARNING: Flash Attention failed, using default SDPA: FlashAttention only support fp16 and bf16 data type
  [ComfyUI] [worker:ComfyUI-SAM3] WARNING: Flash Attention failed, using default SDPA: FlashAttention only support fp16 and bf16 data type
  [ComfyUI] [worker:ComfyUI-SAM3] WARNING: Flash Attention failed, using default SDPA: FlashAttention only support fp16 and bf16 data type
  [ComfyUI] [worker:ComfyUI-SAM3] WARNING: Flash Attention failed, using default SDPA: FlashAttention only support fp16 and bf16 data type
  [ComfyUI] [worker:ComfyUI-SAM3] WARNING: Flash Attention failed, using default SDPA: FlashAttention only support fp16 and bf16 data type
  [ComfyUI] [worker:ComfyUI-SAM3] WARNING: Flash Attention failed, using default SDPA: FlashAttention only support fp16 and bf16 data type
  [ComfyUI] [worker:ComfyUI-SAM3] WARNING: Flash Attention failed, using default SDPA: FlashAttention only support fp16 and bf16 data type
  [ComfyUI] [worker:ComfyUI-SAM3] WARNING: Flash Attention failed, using default SDPA: FlashAttention only support fp16 and bf16 data type
  [ComfyUI] [worker:ComfyUI-SAM3] WARNING: Flash Attention failed, using default SDPA: FlashAttention only support fp16 and bf16 data type
  [ComfyUI] [worker:ComfyUI-SAM3] WARNING: Flash Attention failed, using default SDPA: FlashAttention only support fp16 and bf16 data type
  [ComfyUI] [worker:ComfyUI-SAM3] WARNING: Flash Attention failed, using default SDPA: FlashAttention only support fp16 and bf16 data type
  [ComfyUI] [worker:ComfyUI-SAM3] WARNING: Flash Attention failed, using default SDPA: FlashAttention only support fp16 and bf16 data type
  [ComfyUI] [worker:ComfyUI-SAM3] WARNING: Flash Attention failed, using default SDPA: FlashAttention only support fp16 and bf16 data type
  [ComfyUI] [worker:ComfyUI-SAM3] WARNING: Flash Attention failed, using default SDPA: FlashAttention only support fp16 and bf16 data type
  [ComfyUI] [SubprocessWorker] callback 'report_progress' from call_id=8
  [ComfyUI] [worker:ComfyUI-SAM3] WARNING: Flash Attention failed, using default SDPA: FlashAttention only support fp16 and bf16 data type
  [ComfyUI] [worker:ComfyUI-SAM3] WARNING: Flash Attention failed, using default SDPA: FlashAttention only support fp16 and bf16 data type
  [ComfyUI] [worker:ComfyUI-SAM3] WARNING: Flash Attention failed, using default SDPA: FlashAttention only support fp16 and bf16 data type
  [ComfyUI] [worker:ComfyUI-SAM3] WARNING: Flash Attention failed, using default SDPA: FlashAttention only support fp16 and bf16 data type
  [ComfyUI] [worker:ComfyUI-SAM3] WARNING: Flash Attention failed, using default SDPA: FlashAttention only support fp16 and bf16 data type
  [ComfyUI] [worker:ComfyUI-SAM3] WARNING: Flash Attention failed, using default SDPA: FlashAttention only support fp16 and bf16 data type
  [ComfyUI] [worker:ComfyUI-SAM3] WARNING: Flash Attention failed, using default SDPA: FlashAttention only support fp16 and bf16 data type
  [ComfyUI] [worker:ComfyUI-SAM3] WARNING: Flash Attention failed, using default SDPA: FlashAttention only support fp16 and bf16 data type
  [ComfyUI] [worker:ComfyUI-SAM3] WARNING: Flash Attention failed, using default SDPA: FlashAttention only support fp16 and bf16 data type
  [ComfyUI] [worker:ComfyUI-SAM3] WARNING: Flash Attention failed, using default SDPA: FlashAttention only support fp16 and bf16 data type
  [ComfyUI] [worker:ComfyUI-SAM3] WARNING: Flash Attention failed, using default SDPA: FlashAttention only support fp16 and bf16 data type
  [ComfyUI] [worker:ComfyUI-SAM3] WARNING: Flash Attention failed, using default SDPA: FlashAttention only support fp16 and bf16 data type
  [ComfyUI] [worker:ComfyUI-SAM3] WARNING: Flash Attention failed, using default SDPA: FlashAttention only support fp16 and bf16 data type
  [ComfyUI] [worker:ComfyUI-SAM3] WARNING: Flash Attention failed, using default SDPA: FlashAttention only support fp16 and bf16 data type
  [ComfyUI] [SubprocessWorker] callback 'report_progress' from call_id=8
  [ComfyUI] [worker:ComfyUI-SAM3] WARNING: Flash Attention failed, using default SDPA: FlashAttention only support fp16 and bf16 data type
  [ComfyUI] [worker:ComfyUI-SAM3] WARNING: Flash Attention failed, using default SDPA: FlashAttention only support fp16 and bf16 data type
  [ComfyUI] [worker:ComfyUI-SAM3] WARNING: Flash Attention failed, using default SDPA: FlashAttention only support fp16 and bf16 data type
  [ComfyUI] [worker:ComfyUI-SAM3] WARNING: Flash Attention failed, using default SDPA: FlashAttention only support fp16 and bf16 data type
  [ComfyUI] [worker:ComfyUI-SAM3] WARNING: Flash Attention failed, using default SDPA: FlashAttention only support fp16 and bf16 data type
  [ComfyUI] [worker:ComfyUI-SAM3] WARNING: Flash Attention failed, using default SDPA: FlashAttention only support fp16 and bf16 data type
  [ComfyUI] [worker:ComfyUI-SAM3] WARNING: Flash Attention failed, using default SDPA: FlashAttention only support fp16 and bf16 data type
  [ComfyUI] [worker:ComfyUI-SAM3] WARNING: Flash Attention failed, using default SDPA: FlashAttention only support fp16 and bf16 data type
  [ComfyUI] [worker:ComfyUI-SAM3] WARNING: Flash Attention failed, using default SDPA: FlashAttention only support fp16 and bf16 data type
  [ComfyUI] [worker:ComfyUI-SAM3] WARNING: Flash Attention failed, using default SDPA: FlashAttention only support fp16 and bf16 data type
  [ComfyUI] [worker:ComfyUI-SAM3] WARNING: Flash Attention failed, using default SDPA: FlashAttention only support fp16 and bf16 data type
  [ComfyUI] [worker:ComfyUI-SAM3] WARNING: Flash Attention failed, using default SDPA: FlashAttention only support fp16 and bf16 data type
  [ComfyUI] [worker:ComfyUI-SAM3] WARNING: Flash Attention failed, using default SDPA: FlashAttention only support fp16 and bf16 data type
  [ComfyUI] [worker:ComfyUI-SAM3] WARNING: Flash Attention failed, using default SDPA: FlashAttention only support fp16 and bf16 data type
  [ComfyUI] [SubprocessWorker] callback 'report_progress' from call_id=8
  Frame 5 saved (frame_004.jpg, t=10.0s)
  [capture-periodic] freeze=5ms shot=327ms unfreeze=10ms saved=True
  [ComfyUI] [worker:ComfyUI-SAM3]
  [ComfyUI] === WATCHDOG TICK 2 ===
  [ComfyUI] [worker:ComfyUI-SAM3] Thread 0x000032c4 (most recent call first):
  [ComfyUI]   File "D:\ce\_env_c034c8\.pixi\envs\default\Lib\threading.py", line 363 in wait
  [ComfyUI]   File "D:\ce\_env_c034c8\.pixi\envs\default\Lib\threading.py", line 660 in wait
  [ComfyUI]   File "D:\workspaces\SAM3-2156\portabletest\ComfyUI_windows_portable\python_embeded\Lib\site-packages\tqdm\_monitor.py", line 60 in run
  [ComfyUI]   File "D:\ce\_env_c034c8\.pixi\envs\default\Lib\threading.py", line 1044 in _bootstrap_inner
  [ComfyUI]   File "D:\ce\_env_c034c8\.pixi\envs\default\Lib\threading.py", line 1015 in _bootstrap
  [ComfyUI] 
  [ComfyUI] Thread 0x0000387c (most recent call first):
  [ComfyUI]   File "C:\Windows\TEMP\comfyui_pvenv_hlkm8tac\persistent_worker.py", line 106 in _vram_poller
  [ComfyUI]   File "D:\ce\_env_c034c8\.pixi\envs\default\Lib\threading.py", line 995 in run
  [ComfyUI]   File "D:\ce\_env_c034c8\.pixi\envs\default\Lib\threading.py", line 1044 in _bootstrap_inner
  [ComfyUI]   File "D:\ce\_env_c034c8\.pixi\envs\default\Lib\threading.py", line 1015 in _bootstrap
  [ComfyUI] 
  [ComfyUI] Current thread 0x000015b4 (most recent call first):
  [ComfyUI]   File "C:\Windows\TEMP\comfyui_pvenv_hlkm8tac\persistent_worker.py", line 52 in _watchdog
  [ComfyUI]   File "D:\ce\_env_c034c8\.pixi\envs\default\Lib\threading.py", line 995 in run
  [ComfyUI]   File "D:\ce\_env_c034c8\.pixi\envs\default\Lib\threading.py", line 1044 in _bootstrap_inner
  [ComfyUI]   File "D:\ce\_env_c034c8\.pixi\envs\default\Lib\threading.py", line 1015 in _bootstrap
  [ComfyUI] 
  [ComfyUI] Thread 0x000009fc (most recent call first):
  [ComfyUI]   File "D:\workspaces\SAM3-2156\portabletest\ComfyUI_windows_portable\ComfyUI\custom_nodes\ComfyUI-SAM3\nodes\utils.py", line 167 in visualize_masks_on_image
  [ComfyUI]   File "D:\workspaces\SAM3-2156\portabletest\ComfyUI_windows_portable\ComfyUI\custom_nodes\ComfyUI-SAM3\nodes\segmentation.py", line 849 in execute
  [ComfyUI]   File "D:\workspaces\SAM3-2156\portabletest\ComfyUI_windows_portable\ComfyUI\comfy_api\latest\_io.py", line 1764 in EXECUTE_NORMALIZED
  [ComfyUI]   File "C:\Windows\TEMP\comfyui_pvenv_hlkm8tac\persistent_worker.py", line 1614 in main
  [ComfyUI]   File "C:\Windows\TEMP\comfyui_pvenv_hlkm8tac\persistent_worker.py", line 1646 in <module>
  [ComfyUI] 
  [ComfyUI] [worker:ComfyUI-SAM3] === END ===
  [ComfyUI] 
  [ComfyUI] [worker:ComfyUI-SAM3] [VRAM] -382MB (now 3451MB) reserved=3904MB peak=3833MB
  [ComfyUI] [SubprocessWorker] got response: ok
  [ComfyUI] [comfy-env] SAM3MultipromptSegmentation done (11.57s): result: NodeOutput
  [ComfyUI] [VRAM] After SAM3MultipromptSegmentation: 1271 / 24575 MB
  [capture-loop] iter=100 t=14.3s state={'complete': False, 'error': None, 'executedCount': 1, 'wsState': 1} eval_ms=4
  Frame 6 saved (frame_005.jpg, t=14.8s)
  [capture-periodic] freeze=6ms shot=183ms unfreeze=4ms saved=True
  Node executed (2 total), capturing...
  Frame 7 saved (frame_006.jpg, t=20.9s)
  [capture-node] freeze=5ms shot=178ms unfreeze=7ms saved=True
  [capture-loop] iter=150 t=21.4s state={'complete': False, 'error': None, 'executedCount': 2, 'wsState': 1} eval_ms=8
  Node executed (3 total), capturing...
  [ComfyUI] Prompt executed in 23.60 seconds
  Frame 8 saved (frame_007.jpg, t=23.1s)
  [capture-node] freeze=17ms shot=979ms unfreeze=5ms saved=True
  Node executed (4 total), capturing...
  Frame 9 saved (frame_008.jpg, t=24.4s)
  [capture-node] freeze=7ms shot=200ms unfreeze=0ms saved=True
  Execution complete (t=24.4s)
  Captured 9 unique frames over 24.69s
  [debug] iframes: 0
  [timing] trigger_3d_previews: 0.0s
  Saved high-quality screenshot: scene_seg_executed.png
  [timing] final_screenshot: 1.7s
    Captured 10 video frames