Capturing execution frames: scene_seg_interactive.json
  [Console-error] Failed to load resource: the server responded with a status of 404 (Not Found)
  [Console-error] Failed to load resource: the server responded with a status of 404 (Not Found)
  [Console-error] Failed to load resource: the server responded with a status of 404 (Not Found)
  [Console-error] Failed to load resource: the server responded with a status of 404 (Not Found)
  [Console-error] Failed to load resource: the server responded with a status of 404 (Not Found)
  [Console-warning] [ComfyUI Deprecated] Importing from "scripts/ui.js" is deprecated and will be removed in v1.34.
  [Console-warning] [ComfyUI Notice] "scripts/widgets.js" is an internal module, not part of the public API. Future updates may break this import.
  [Console-warning] [ComfyUI Notice] "extensions/core/widgetInputs.js" is an internal module, not part of the public API. Future updates may break this import.
  [Console-warning] [ComfyUI Notice] "scripts/utils.js" is an internal module, not part of the public API. Future updates may break this import.
  [Console-warning] [MaskEditor] ComfyApp.open_maskeditor is deprecated. Plugins should migrate to using the command system or direct node context menu integration.
  [Console-warning] [ComfyUI Deprecated] Importing from "scripts/ui/components/buttonGroup.js" is deprecated and will be removed in v1.34.
  [Console-warning] [ComfyUI Deprecated] Importing from "scripts/ui/components/button.js" is deprecated and will be removed in v1.34.
  Frame 1 saved (frame_000.jpg, t=0.0s)
  Validating workflow...
  Queuing workflow for execution...
  Frame 2 saved (frame_001.jpg, t=4.3s)
  [capture-periodic] freeze=164ms shot=562ms unfreeze=25ms saved=True
  Frame 3 saved (frame_002.jpg, t=7.2s)
  [capture-periodic] freeze=28ms shot=437ms unfreeze=27ms saved=True
  Frame 4 saved (frame_003.jpg, t=9.8s)
  [capture-periodic] freeze=20ms shot=409ms unfreeze=32ms saved=True
  [capture-loop] iter=50 t=12.4s state={'complete': False, 'error': None, 'executedCount': 0, 'wsState': 1} eval_ms=56
  Frame 5 saved (frame_004.jpg, t=17.4s)
  [capture-periodic] freeze=26ms shot=439ms unfreeze=27ms saved=True
  [capture-loop] iter=100 t=21.5s state={'complete': False, 'error': None, 'executedCount': 0, 'wsState': 1} eval_ms=19
  Frame 6 saved (frame_005.jpg, t=22.7s)
  [capture-periodic] freeze=24ms shot=393ms unfreeze=31ms saved=True
  Frame 7 saved (frame_006.jpg, t=27.7s)
  [capture-periodic] freeze=21ms shot=408ms unfreeze=26ms saved=True
  [capture-loop] iter=150 t=30.2s state={'complete': False, 'error': None, 'executedCount': 0, 'wsState': 1} eval_ms=30
  Node executed (2 total), capturing...
  Frame 8 saved (frame_007.jpg, t=36.8s)
  [capture-node] freeze=9582ms shot=1196ms unfreeze=0ms saved=True
  Execution complete (t=36.8s)
  Captured 8 unique frames over 47.72s
  [debug] iframes: 0
  [timing] trigger_3d_previews: 0.0s
  Saved high-quality screenshot: scene_seg_interactive_executed.png
  [timing] final_screenshot: 2.1s
    Captured 9 video frames