Capturing execution frames: video_point_prompt.json
  [Console-error] Failed to load resource: the server responded with a status of 404 (Not Found)
  [Console-error] Failed to load resource: the server responded with a status of 404 (Not Found)
  [Console-error] Failed to load resource: the server responded with a status of 404 (Not Found)
  [Console-error] Failed to load resource: the server responded with a status of 404 (Not Found)
  [Console-error] Failed to load resource: the server responded with a status of 404 (Not Found)
  [Console-warning] [ComfyUI Deprecated] Importing from "scripts/ui.js" is deprecated and will be removed in v1.34.
  [Console-warning] [ComfyUI Notice] "scripts/widgets.js" is an internal module, not part of the public API. Future updates may break this import.
  [Console-warning] [ComfyUI Notice] "extensions/core/widgetInputs.js" is an internal module, not part of the public API. Future updates may break this import.
  [Console-warning] [ComfyUI Notice] "scripts/utils.js" is an internal module, not part of the public API. Future updates may break this import.
  [Console-warning] [MaskEditor] ComfyApp.open_maskeditor is deprecated. Plugins should migrate to using the command system or direct node context menu integration.
  [Console-warning] [ComfyUI Deprecated] Importing from "scripts/ui/components/buttonGroup.js" is deprecated and will be removed in v1.34.
  [Console-warning] [ComfyUI Deprecated] Importing from "scripts/ui/components/button.js" is deprecated and will be removed in v1.34.
  Frame 1 saved (frame_000.jpg, t=0.0s)
  Validating workflow...
  Queuing workflow for execution...
  Frame 2 saved (frame_001.jpg, t=3.2s)
  [capture-periodic] freeze=24ms shot=420ms unfreeze=74ms saved=True
  Frame 3 saved (frame_002.jpg, t=5.9s)
  [capture-periodic] freeze=21ms shot=388ms unfreeze=19ms saved=True
  Node executed (1 total), capturing...
  Frame 4 saved (frame_003.jpg, t=7.2s)
  [capture-node] freeze=18ms shot=413ms unfreeze=20ms saved=True
  Frame 5 saved (frame_004.jpg, t=9.9s)
  [capture-periodic] freeze=20ms shot=363ms unfreeze=21ms saved=True
  [capture-loop] iter=50 t=11.1s state={'complete': False, 'error': None, 'executedCount': 1, 'wsState': 1} eval_ms=20
  Frame 6 saved (frame_005.jpg, t=12.5s)
  [capture-periodic] freeze=24ms shot=396ms unfreeze=20ms saved=True
  Frame 7 saved (frame_006.jpg, t=15.2s)
  [capture-periodic] freeze=16ms shot=368ms unfreeze=20ms saved=True
  Frame 8 saved (frame_007.jpg, t=17.8s)
  [capture-periodic] freeze=18ms shot=407ms unfreeze=20ms saved=True
  [capture-loop] iter=100 t=19.9s state={'complete': False, 'error': None, 'executedCount': 1, 'wsState': 1} eval_ms=19
  Frame 9 saved (frame_008.jpg, t=20.3s)
  [capture-periodic] freeze=17ms shot=483ms unfreeze=20ms saved=True
  Frame 10 saved (frame_009.jpg, t=23.1s)
  [capture-periodic] freeze=1ms shot=441ms unfreeze=18ms saved=True
  Frame 11 saved (frame_010.jpg, t=25.6s)
  [capture-periodic] freeze=19ms shot=395ms unfreeze=21ms saved=True
  Frame 12 saved (frame_011.jpg, t=28.3s)
  [capture-periodic] freeze=18ms shot=450ms unfreeze=19ms saved=True
  [capture-loop] iter=150 t=29.3s state={'complete': False, 'error': None, 'executedCount': 1, 'wsState': 1} eval_ms=20
  Frame 13 saved (frame_012.jpg, t=30.8s)
  [capture-periodic] freeze=19ms shot=400ms unfreeze=38ms saved=True
  Frame 14 saved (frame_013.jpg, t=33.5s)
  [capture-periodic] freeze=18ms shot=388ms unfreeze=24ms saved=True
  Frame 15 saved (frame_014.jpg, t=36.1s)
  [capture-periodic] freeze=26ms shot=384ms unfreeze=18ms saved=True
  [capture-loop] iter=200 t=38.0s state={'complete': False, 'error': None, 'executedCount': 1, 'wsState': 1} eval_ms=21
  Frame 16 saved (frame_015.jpg, t=38.7s)
  [capture-periodic] freeze=15ms shot=351ms unfreeze=21ms saved=True
  Frame 17 saved (frame_016.jpg, t=41.3s)
  [capture-periodic] freeze=16ms shot=409ms unfreeze=46ms saved=True
  Frame 18 saved (frame_017.jpg, t=44.0s)
  [capture-periodic] freeze=21ms shot=320ms unfreeze=17ms saved=True
  Frame 19 saved (frame_018.jpg, t=46.5s)
  [capture-periodic] freeze=20ms shot=380ms unfreeze=23ms saved=True
  [capture-loop] iter=250 t=47.1s state={'complete': False, 'error': None, 'executedCount': 1, 'wsState': 1} eval_ms=19
  Frame 20 saved (frame_019.jpg, t=49.0s)
  [capture-periodic] freeze=18ms shot=377ms unfreeze=23ms saved=True
  Frame 21 saved (frame_020.jpg, t=51.6s)
  [capture-periodic] freeze=20ms shot=365ms unfreeze=17ms saved=True
  Frame 22 saved (frame_021.jpg, t=54.1s)
  [capture-periodic] freeze=16ms shot=349ms unfreeze=18ms saved=True
  [capture-loop] iter=300 t=56.1s state={'complete': False, 'error': None, 'executedCount': 1, 'wsState': 1} eval_ms=19
  Frame 23 saved (frame_022.jpg, t=56.7s)
  [capture-periodic] freeze=19ms shot=388ms unfreeze=23ms saved=True
  Frame 24 saved (frame_023.jpg, t=59.4s)
  [capture-periodic] freeze=17ms shot=364ms unfreeze=20ms saved=True
  Frame 25 saved (frame_024.jpg, t=61.9s)
  [capture-periodic] freeze=16ms shot=355ms unfreeze=19ms saved=True
  Frame 26 saved (frame_025.jpg, t=64.5s)
  [capture-periodic] freeze=17ms shot=435ms unfreeze=17ms saved=True
  [capture-loop] iter=350 t=65.3s state={'complete': False, 'error': None, 'executedCount': 1, 'wsState': 1} eval_ms=18
  Frame 27 saved (frame_026.jpg, t=67.1s)
  [capture-periodic] freeze=16ms shot=351ms unfreeze=18ms saved=True
  Frame 28 saved (frame_027.jpg, t=69.6s)
  [capture-periodic] freeze=15ms shot=335ms unfreeze=19ms saved=True
  Frame 29 saved (frame_028.jpg, t=72.2s)
  [capture-periodic] freeze=18ms shot=323ms unfreeze=29ms saved=True
  [capture-loop] iter=400 t=73.8s state={'complete': False, 'error': None, 'executedCount': 1, 'wsState': 1} eval_ms=18
  Frame 30 saved (frame_029.jpg, t=74.7s)
  [capture-periodic] freeze=15ms shot=339ms unfreeze=37ms saved=True
  Frame 31 saved (frame_030.jpg, t=77.3s)
  [capture-periodic] freeze=17ms shot=348ms unfreeze=38ms saved=True
  Frame 32 saved (frame_031.jpg, t=79.9s)
  [capture-periodic] freeze=21ms shot=353ms unfreeze=22ms saved=True
  [capture-loop] iter=450 t=82.1s state={'complete': False, 'error': None, 'executedCount': 1, 'wsState': 1} eval_ms=16
  Frame 33 saved (frame_032.jpg, t=82.4s)
  [capture-periodic] freeze=16ms shot=372ms unfreeze=27ms saved=True
  Frame 34 saved (frame_033.jpg, t=85.1s)
  [capture-periodic] freeze=18ms shot=356ms unfreeze=17ms saved=True
  Frame 35 saved (frame_034.jpg, t=87.6s)
  [capture-periodic] freeze=18ms shot=347ms unfreeze=20ms saved=True
  Frame 36 saved (frame_035.jpg, t=90.2s)
  [capture-periodic] freeze=18ms shot=400ms unfreeze=22ms saved=True
  [capture-loop] iter=500 t=91.1s state={'complete': False, 'error': None, 'executedCount': 1, 'wsState': 1} eval_ms=19
  Frame 37 saved (frame_036.jpg, t=92.8s)
  [capture-periodic] freeze=17ms shot=351ms unfreeze=17ms saved=True
  Frame 38 saved (frame_037.jpg, t=95.3s)
  [capture-periodic] freeze=15ms shot=359ms unfreeze=21ms saved=True
  Frame 39 saved (frame_038.jpg, t=97.9s)
  [capture-periodic] freeze=17ms shot=372ms unfreeze=18ms saved=True
  [capture-loop] iter=550 t=99.5s state={'complete': False, 'error': None, 'executedCount': 1, 'wsState': 1} eval_ms=20
  Frame 40 saved (frame_039.jpg, t=100.5s)
  [capture-periodic] freeze=16ms shot=342ms unfreeze=17ms saved=True
  Frame 41 saved (frame_040.jpg, t=103.0s)
  [capture-periodic] freeze=18ms shot=375ms unfreeze=19ms saved=True
  Frame 42 saved (frame_041.jpg, t=105.5s)
  [capture-periodic] freeze=16ms shot=364ms unfreeze=20ms saved=True
  [capture-loop] iter=600 t=107.8s state={'complete': False, 'error': None, 'executedCount': 1, 'wsState': 1} eval_ms=16
  Frame 43 saved (frame_042.jpg, t=108.1s)
  [capture-periodic] freeze=16ms shot=383ms unfreeze=19ms saved=True
  Frame 44 saved (frame_043.jpg, t=110.8s)
  [capture-periodic] freeze=17ms shot=363ms unfreeze=18ms saved=True
  Frame 45 saved (frame_044.jpg, t=113.4s)
  [capture-periodic] freeze=19ms shot=370ms unfreeze=23ms saved=True
  Frame 46 saved (frame_045.jpg, t=116.0s)
  [capture-periodic] freeze=18ms shot=326ms unfreeze=17ms saved=True
  [capture-loop] iter=650 t=116.8s state={'complete': False, 'error': None, 'executedCount': 1, 'wsState': 1} eval_ms=17
  Frame 47 saved (frame_046.jpg, t=118.5s)
  [capture-periodic] freeze=16ms shot=407ms unfreeze=22ms saved=True
  Frame 48 saved (frame_047.jpg, t=121.1s)
  [capture-periodic] freeze=18ms shot=365ms unfreeze=22ms saved=True
  Frame 49 saved (frame_048.jpg, t=123.7s)
  [capture-periodic] freeze=18ms shot=362ms unfreeze=19ms saved=True
  [capture-loop] iter=700 t=125.3s state={'complete': False, 'error': None, 'executedCount': 1, 'wsState': 1} eval_ms=18
  Frame 50 saved (frame_049.jpg, t=126.3s)
  [capture-periodic] freeze=21ms shot=373ms unfreeze=21ms saved=True
  Frame 51 saved (frame_050.jpg, t=128.9s)
  [capture-periodic] freeze=56ms shot=441ms unfreeze=22ms saved=True
  Node executed (2 total), capturing...
  Frame 52 saved (frame_051.jpg, t=131.1s)
  [capture-node] freeze=116ms shot=493ms unfreeze=23ms saved=True
  Node executed (3 total), capturing...
  Frame 53 saved (frame_052.jpg, t=132.8s)
  [capture-node] freeze=18ms shot=374ms unfreeze=0ms saved=True
  Execution complete (t=132.8s)
  Captured 53 unique frames over 133.28s
  [debug] iframes: 0
  [timing] trigger_3d_previews: 0.0s
  Saved high-quality screenshot: video_point_prompt_executed.png
  [timing] final_screenshot: 2.3s
    Captured 54 video frames