Capturing execution frames: scene_seg_interactive.json
  Frame 1 saved (frame_000.jpg, t=0.0s)
  Validating workflow...
  Queuing workflow for execution...
  Frame 2 saved (frame_001.jpg, t=2.3s)
  [capture-periodic] freeze=2ms shot=125ms unfreeze=4ms saved=True
  Frame 3 saved (frame_002.jpg, t=4.5s)
  [capture-periodic] freeze=2ms shot=119ms unfreeze=3ms saved=True
  [capture-loop] iter=50 t=5.8s state={'complete': False, 'error': None, 'executedCount': 0, 'wsState': 1} eval_ms=4
  Frame 4 saved (frame_003.jpg, t=6.8s)
  [capture-periodic] freeze=6ms shot=172ms unfreeze=6ms saved=True
  [capture-loop] iter=100 t=11.9s state={'complete': False, 'error': None, 'executedCount': 0, 'wsState': 1} eval_ms=5
  [capture-loop] iter=150 t=17.6s state={'complete': False, 'error': None, 'executedCount': 0, 'wsState': 1} eval_ms=4
  [capture-loop] iter=200 t=23.6s state={'complete': False, 'error': None, 'executedCount': 0, 'wsState': 1} eval_ms=4
  [capture-loop] iter=250 t=29.6s state={'complete': False, 'error': None, 'executedCount': 0, 'wsState': 1} eval_ms=5
  [capture-loop] iter=300 t=35.5s state={'complete': False, 'error': None, 'executedCount': 0, 'wsState': 1} eval_ms=4
  [capture-loop] iter=350 t=41.4s state={'complete': False, 'error': None, 'executedCount': 0, 'wsState': 1} eval_ms=4
  Frame 5 saved (frame_004.jpg, t=45.0s)
  [capture-periodic] freeze=3ms shot=165ms unfreeze=5ms saved=True
  Node executed (1 total), capturing...
  Frame 6 saved (frame_005.jpg, t=46.0s)
  [capture-node] freeze=143ms shot=682ms unfreeze=52ms saved=True
  Node executed (2 total), capturing...
  [capture-node] freeze=3ms shot=167ms unfreeze=0ms saved=False
  Execution complete (t=47.3s)
  Captured 6 unique frames over 47.46s
  [debug] iframes: 0
  [timing] trigger_3d_previews: 0.0s
  Saved high-quality screenshot: scene_seg_interactive_executed.png
  [timing] final_screenshot: 1.4s
    Captured 7 video frames