Capturing execution frames: scene_seg.json
  [Console-error] Failed to load resource: the server responded with a status of 404 (Not Found)
  [Console-error] Failed to load resource: the server responded with a status of 404 (Not Found)
  [Console-error] Failed to load resource: the server responded with a status of 404 (Not Found)
  [Console-error] Failed to load resource: the server responded with a status of 404 (Not Found)
  [Console-error] Failed to load resource: the server responded with a status of 404 (Not Found)
  [Console-error] Failed to load resource: the server responded with a status of 404 (Not Found)
  [Console-warning] [ComfyUI Notice] "scripts/widgets.js" is an internal module, not part of the public API. Future updates may break this import.
  [Console-warning] [ComfyUI Deprecated] Importing from "scripts/ui.js" is deprecated and will be removed in v1.34.
  [Console-warning] [ComfyUI Notice] "extensions/core/widgetInputs.js" is an internal module, not part of the public API. Future updates may break this import.
  [Console-warning] [ComfyUI Notice] "scripts/utils.js" is an internal module, not part of the public API. Future updates may break this import.
  [Console-warning] [MaskEditor] ComfyApp.open_maskeditor is deprecated. Plugins should migrate to using the command system or direct node context menu integration.
  [Console-warning] [ComfyUI Deprecated] Importing from "scripts/ui/components/buttonGroup.js" is deprecated and will be removed in v1.34.
  [Console-warning] [ComfyUI Deprecated] Importing from "scripts/ui/components/button.js" is deprecated and will be removed in v1.34.
  Frame 1 saved (frame_000.jpg, t=0.0s)
  Validating workflow...
  Queuing workflow for execution...
  Node executed (1 total), capturing...
  Frame 2 saved (frame_001.jpg, t=1.6s)
  [capture-node] freeze=225ms shot=375ms unfreeze=13ms saved=True
  Frame 3 saved (frame_002.jpg, t=4.3s)
  [capture-periodic] freeze=3ms shot=196ms unfreeze=9ms saved=True
  [capture-loop] iter=50 t=7.0s state={'complete': False, 'error': None, 'executedCount': 1, 'wsState': 1} eval_ms=4
  [capture-loop] iter=100 t=12.9s state={'complete': False, 'error': None, 'executedCount': 1, 'wsState': 1} eval_ms=4
  [capture-loop] iter=150 t=18.9s state={'complete': False, 'error': None, 'executedCount': 1, 'wsState': 1} eval_ms=4
  [capture-loop] iter=200 t=24.7s state={'complete': False, 'error': None, 'executedCount': 1, 'wsState': 1} eval_ms=4
  [capture-loop] iter=250 t=30.8s state={'complete': False, 'error': None, 'executedCount': 1, 'wsState': 1} eval_ms=4
  [capture-loop] iter=300 t=37.3s state={'complete': False, 'error': None, 'executedCount': 1, 'wsState': 1} eval_ms=4
  [capture-loop] iter=350 t=43.1s state={'complete': False, 'error': None, 'executedCount': 1, 'wsState': 1} eval_ms=5
  Frame 4 saved (frame_003.jpg, t=47.8s)
  [capture-periodic] freeze=2ms shot=241ms unfreeze=9ms saved=True
  Node executed (2 total), capturing...
  Frame 5 saved (frame_004.jpg, t=48.4s)
  [capture-node] freeze=203ms shot=826ms unfreeze=3ms saved=True
  [capture-loop] iter=400 t=50.4s state={'complete': False, 'error': None, 'executedCount': 2, 'wsState': 1} eval_ms=3
  Node executed (3 total), capturing...
  Frame 6 saved (frame_005.jpg, t=51.9s)
  [capture-node] freeze=64ms shot=581ms unfreeze=8ms saved=True
  Node executed (4 total), capturing...
  Frame 7 saved (frame_006.jpg, t=54.1s)
  [capture-node] freeze=652ms shot=258ms unfreeze=0ms saved=True
  Execution complete (t=54.1s)
  Captured 7 unique frames over 55.05s
  [debug] iframes: 0
  [timing] trigger_3d_previews: 0.0s
  Saved high-quality screenshot: scene_seg_executed.png
  [timing] final_screenshot: 2.0s
    Captured 8 video frames